<?xml version="1.0" encoding="UTF-8"?>
<!-- Generated by org.testng.reporters.JUnitXMLReporter -->
<testsuite hostname="aravinda-pc" name="TestCase_01" tests="3" failures="0" timestamp="3 Oct 2016 06:06:08 GMT" time="15.681" errors="0">
  <testcase name="loginTest" time="4.221" classname="com.aravinda.app.testSuite02$Test01"/>
  <testcase name="loginTest" time="4.256" classname="com.aravinda.app.testSuite01$Test01"/>
  <testcase name="loginTest" time="4.204" classname="com.aravinda.app.testSuite03$Test01"/>
</testsuite> <!-- TestCase_01 -->
