<?xml version="1.0" encoding="UTF-8"?>
<!-- Generated by org.testng.reporters.JUnitReportReporter -->
<testsuite hostname="Aravinda" name="com.aravinda.app.testSuite01$Test01" tests="1" failures="0" timestamp="2 Oct 2016 08:54:21 GMT" time="0.000" errors="1">
  <testcase name="loginTest" time="0.000" classname="com.aravinda.app.testSuite01$Test01">
    <error type="org.openqa.selenium.UnsupportedCommandException" message="&lt;!DOCTYPE html&gt;
&lt;html lang=&quot;en&quot; id=&quot;facebook&quot; class=&quot;no_js&quot;&gt;
&lt;head&gt;&lt;meta charset=&quot;utf-8&quot; /&gt;&lt;meta name=&quot;referrer&quot; content=&quot;default&quot; id=&quot;meta_referrer&quot; /&gt;&lt;script&gt;function envFlush(a){function b(c){for(var d in a)c[d]=a[d];}if(window.requireLazy){window.requireLazy([&#039;Env&#039;],b);}else{window.Env=window.Env||{};b(window.Env);}}envFlush({&quot;ajaxpipe_token&quot;:&quot;AXhpWqHqbrvc0jx5&quot;,&quot;lhsh&quot;:&quot;wAQGsiMg0&quot;,&quot;timeslice_heartbeat_config&quot;:{&quot;pollIntervalMs&quot;:33,&quot;idleGapThresholdMs&quot;:60,&quot;ignoredTimesliceNames&quot;:{&quot;requestAnimationFrame&quot;:true,&quot;Event listenHandler mousemove&quot;:true,&quot;Event listenHandler mouseover&quot;:true,&quot;Event listenHandler mouseout&quot;:true,&quot;Event listenHandler scroll&quot;:true},&quot;enableOnRequire&quot;:false},&quot;shouldLogCounters&quot;:false,&quot;timeslice_categories&quot;:{&quot;react_render&quot;:true,&quot;reflow&quot;:true}});&lt;/script&gt;&lt;style&gt;&lt;/style&gt;&lt;script&gt;__DEV__=0;CavalryLogger=false;&lt;/script&gt;&lt;noscript&gt;&lt;meta http-equiv=&quot;refresh&quot; content=&quot;0; URL=/session?_fb_noscript=1&quot; /&gt;&lt;/noscript&gt;&lt;title id=&quot;pageTitle&quot;&gt;Page not found | Facebook&lt;/title&gt;&lt;link rel=&quot;search&quot; type=&quot;application/opensearchdescription+xml&quot; href=&quot;/osd.xml&quot; title=&quot;Facebook&quot; /&gt;&lt;link rel=&quot;alternate&quot; media=&quot;only screen and (max-width: 640px)&quot; href=&quot;https://www.facebook.com/session&quot; /&gt;&lt;link rel=&quot;alternate&quot; media=&quot;handheld&quot; href=&quot;https://www.facebook.com/session&quot; /&gt;&lt;meta name=&quot;robots&quot; content=&quot;noodp,noydir&quot; /&gt;&lt;link rel=&quot;mask-icon&quot; sizes=&quot;any&quot; href=&quot;/icon.svg&quot; color=&quot;#3b5998&quot; /&gt;&lt;link rel=&quot;shortcut icon&quot; href=&quot;https://fbstatic-a.akamaihd.net/rsrc.php/yV/r/hzMapiNYYpW.ico&quot; /&gt;&lt;link type=&quot;text/css&quot; rel=&quot;stylesheet&quot; href=&quot;https://fbstatic-a.akamaihd.net/rsrc.php/v3/yX/r/3JeLlNmeiW0.css&quot; data-bootloader-hash=&quot;z4Q+C&quot; data-permanent=&quot;1&quot; crossorigin=&quot;anonymous&quot; /&gt;
&lt;link type=&quot;text/css&quot; rel=&quot;stylesheet&quot; href=&quot;https://fbstatic-a.akamaihd.net/rsrc.php/v3/yl/r/FSUPBW1Jjsb.css&quot; data-bootloader-hash=&quot;WzuFo&quot; data-permanent=&quot;1&quot; crossorigin=&quot;anonymous&quot; /&gt;
&lt;script src=&quot;https://fbstatic-a.akamaihd.net/rsrc.php/v3/ya/r/-RK80QruSgt.js&quot; data-bootloader-hash=&quot;wTvGT&quot; crossorigin=&quot;anonymous&quot;&gt;&lt;/script&gt;
&lt;script&gt;require(&quot;TimeSlice&quot;).guard(function() {(require(&quot;ServerJSDefine&quot;)).handleDefines([[&quot;FlexLayoutConfig&quot;,[],{&quot;a11yFlexLayout&quot;:true},1702],[&quot;UserAgentData&quot;,[],{&quot;browserArchitecture&quot;:&quot;32&quot;,&quot;browserFullVersion&quot;:null,&quot;browserMinorVersion&quot;:null,&quot;browserName&quot;:&quot;Unknown&quot;,&quot;browserVersion&quot;:null,&quot;deviceName&quot;:&quot;Unknown&quot;,&quot;engineName&quot;:&quot;Unknown&quot;,&quot;engineVersion&quot;:null,&quot;platformArchitecture&quot;:&quot;32&quot;,&quot;platformName&quot;:&quot;Unknown&quot;,&quot;platformVersion&quot;:null,&quot;platformFullVersion&quot;:null},527],[&quot;ReactGK&quot;,[],{&quot;logTopLevelRenders&quot;:false},998],[&quot;ISB&quot;,[],{},330],[&quot;EventConfig&quot;,[],{&quot;sampling&quot;:{&quot;load&quot;:0,&quot;error&quot;:0,&quot;message&quot;:0,&quot;abort&quot;:0,&quot;mousemove&quot;:100,&quot;mouseover&quot;:100,&quot;mouseout&quot;:100,&quot;click&quot;:0.01,&quot;__100ms&quot;:0.001,&quot;__default&quot;:100000,&quot;__min&quot;:1000}},1726],[&quot;CurrentCommunityInitialData&quot;,[],{},490],[&quot;UFICommentFileInputAcceptValues&quot;,[],{&quot;both&quot;:&quot;video\/*,  video\/x-m4v, video\/webm, video\/x-ms-wmv, video\/x-msvideo, video\/3gpp, video\/flv, video\/mp4, video\/quicktime, video\/mpeg, video\/ogv, image\/*&quot;,&quot;photos&quot;:&quot;image\/*&quot;,&quot;videos&quot;:&quot;video\/*, video\/x-m4v, video\/webm, video\/x-ms-wmv, video\/x-msvideo, video\/3gpp, video\/flv, video\/mp4, video\/quicktime, video\/mpeg, video\/ogv&quot;},1317],[&quot;SiteData&quot;,[],{&quot;revision&quot;:2597358,&quot;tier&quot;:&quot;&quot;,&quot;push_phase&quot;:&quot;V3&quot;,&quot;pkg_cohort&quot;:&quot;PHASED:DEFAULT&quot;,&quot;pkg_cohort_key&quot;:&quot;__pc&quot;,&quot;haste_site&quot;:&quot;www&quot;,&quot;be_mode&quot;:-1,&quot;be_key&quot;:&quot;__be&quot;,&quot;is_rtl&quot;:false,&quot;features&quot;:&quot;o&quot;,&quot;vip&quot;:&quot;31.13.78.35&quot;},317],[&quot;URLFragmentPreludeConfig&quot;,[],{&quot;incorporateQuicklingFragment&quot;:true,&quot;hashtagRedirect&quot;:true},137],[&quot;CSSLoaderConfig&quot;,[],{&quot;timeout&quot;:5000,&quot;modulePrefix&quot;:&quot;BLCSS:&quot;},619],[&quot;CurrentUserInitialData&quot;,[],{&quot;USER_ID&quot;:&quot;0&quot;,&quot;ACCOUNT_ID&quot;:&quot;0&quot;},270],[&quot;AsyncFeatureDeployment&quot;,[],{},1765],[&quot;FunnelLoggerConfig&quot;,[],{&quot;freq&quot;:{&quot;WWW_CANVAS_AD_CREATION_FUNNEL&quot;:1,&quot;WWW_CANVAS_EDITOR_FUNNEL&quot;:1,&quot;WWW_LINK_PICKER_DIALOG_FUNNEL&quot;:1,&quot;WWW_MEME_PICKER_DIALOG_FUNNEL&quot;:1,&quot;WWW_LEAD_GEN_FORM_CREATION_FUNNEL&quot;:1,&quot;WWW_LEAD_GEN_DESKTOP_AD_UNIT_FUNNEL&quot;:1,&quot;WWW_LEAD_GEN_MSITE_AD_UNIT_FUNNEL&quot;:1,&quot;WWW_CAMPFIRE_COMPOSER_UPSELL_FUNNEL&quot;:1,&quot;WWW_RECRUITING_SEARCH_FUNNEL&quot;:1,&quot;WWW_EXAMPLE_FUNNEL&quot;:1,&quot;WWW_REACTIONS_NUX_FUNNEL&quot;:1,&quot;MSITE_EXAMPLE_FUNNEL&quot;:10,&quot;WWW_FEED_SHARE_DIALOG_FUNNEL&quot;:100,&quot;MSITE_FEED_SHARE_DIALOG_FUNNEL&quot;:100,&quot;MSITE_COMMENT_TYPING_FUNNEL&quot;:500,&quot;MSITE_HASHTAG_PROMPT_FUNNEL&quot;:1,&quot;WWW_SEARCH_AWARENESS_LEARNING_NUX_FUNNEL&quot;:1,&quot;WWW_CONSTITUENT_TITLE_UPSELL_FUNNEL&quot;:1,&quot;MTOUCH_FEED_MISSED_STORIES_FUNNEL&quot;:10,&quot;WWW_UFI_SHARE_LINK_FUNNEL&quot;:1,&quot;WWW_CMS_SEARCH_FUNNEL&quot;:1,&quot;GAMES_QUICKSILVER_FUNNEL&quot;:1,&quot;SOCIAL_SEARCH_CONVERSION_WWW_FUNNEL&quot;:1,&quot;SOCIAL_SEARCH_DASHBOARD_WWW_FUNNEL&quot;:1,&quot;SRT_USER_FLOW_FUNNEL&quot;:1,&quot;MSITE_PPD_FUNNEL&quot;:1,&quot;WWW_PAGE_CREATION_FUNNEL&quot;:1,&quot;default&quot;:1000}},1271],[&quot;VideoPlayerAbortLoadingExperiment&quot;,[],{&quot;canAbort&quot;:false},824],[&quot;FbtQTOverrides&quot;,[],{&quot;overrides&quot;:{}},551],[&quot;StickersConfig&quot;,[],{&quot;emoticons&quot;:{&quot;id&quot;:&quot;1471127876485636&quot;,&quot;name&quot;:&quot;Emoticons&quot;,&quot;isCommentsCapable&quot;:true},&quot;max_mru_stickers&quot;:40,&quot;mru_pack&quot;:{&quot;id&quot;:&quot;599061016853145&quot;,&quot;name&quot;:&quot;Recent&quot;,&quot;isMRU&quot;:true,&quot;isCommentsCapable&quot;:true,&quot;isComposerCapable&quot;:true,&quot;isMessengerCapable&quot;:true,&quot;isPostsCapable&quot;:true},&quot;oz_pack&quot;:null},1666],[&quot;LinkshimHandlerConfig&quot;,[],{&quot;supports_meta_referrer&quot;:false,&quot;default_meta_referrer_policy&quot;:&quot;default&quot;,&quot;switched_meta_referrer_policy&quot;:&quot;origin&quot;,&quot;render_verification_rate&quot;:1000,&quot;link_react_default_hash&quot;:&quot;zAQEj_J7V&quot;,&quot;linkshim_host&quot;:&quot;l.facebook.com&quot;,&quot;use_rel_no_opener&quot;:false},27],[&quot;MarauderConfig&quot;,[],{&quot;app_version&quot;:2597358,&quot;gk_enabled&quot;:false},31],[&quot;ZeroCategoryHeader&quot;,[],{},1127],[&quot;BootloaderConfig&quot;,[],{&quot;maxJsRetries&quot;:0,&quot;jsRetries&quot;:null,&quot;jsRetryAbortNum&quot;:2,&quot;jsRetryAbortTime&quot;:5,&quot;payloadEndpointURI&quot;:&quot;https:\/\/www.facebook.com\/ajax\/haste-response\/&quot;},329],[&quot;CdnAkamaiDomainsConfig&quot;,[],{&quot;fbcdnhdsvideo-vh.akamaihd.net&quot;:0,&quot;fbcdn-creative-a.akamaihd.net&quot;:1,&quot;fbcdn-dragon-a.akamaihd.net&quot;:2,&quot;fbcdn-external-a.akamaihd.net&quot;:3,&quot;fbcdn-gtvideo-a-a.akamaihd.net&quot;:4,&quot;fbcdn-gtvideo-b-a.akamaihd.net&quot;:5,&quot;fbcdn-gtvideo-c-a.akamaihd.net&quot;:6,&quot;fbcdn-gtvideo-d-a.akamaihd.net&quot;:7,&quot;fbcdn-gtvideo-e-a.akamaihd.net&quot;:8,&quot;fbcdn-gtvideo-f-a.akamaihd.net&quot;:9,&quot;fbcdn-gtvideo-g-a.akamaihd.net&quot;:10,&quot;fbcdn-gtvideo-h-a.akamaihd.net&quot;:11,&quot;fbcdn-gtvideo-i-a.akamaihd.net&quot;:12,&quot;fbcdn-gtvideo-j-a.akamaihd.net&quot;:13,&quot;fbcdn-gtvideo-k-a.akamaihd.net&quot;:14,&quot;fbcdn-gtvideo-l-a.akamaihd.net&quot;:15,&quot;fbcdn-gtvideo-m-a.akamaihd.net&quot;:16,&quot;fbcdn-gtvideo-n-a.akamaihd.net&quot;:17,&quot;fbcdn-gtvideo-o-a.akamaihd.net&quot;:18,&quot;fbcdn-gtvideo-p-a.akamaihd.net&quot;:19,&quot;fbcdn-iphotos-a-a.akamaihd.net&quot;:20,&quot;fbcdn-iphotos-a.akamaihd.net&quot;:21,&quot;fbcdn-iphotos-b-a.akamaihd.net&quot;:22,&quot;fbcdn-iphotos-c-a.akamaihd.net&quot;:23,&quot;fbcdn-iphotos-d-a.akamaihd.net&quot;:24,&quot;fbcdn-iphotos-e-a.akamaihd.net&quot;:25,&quot;fbcdn-iphotos-f-a.akamaihd.net&quot;:26,&quot;fbcdn-iphotos-g-a.akamaihd.net&quot;:27,&quot;fbcdn-iphotos-h-a.akamaihd.net&quot;:28,&quot;fbcdn-photos-a-a.akamaihd.net&quot;:29,&quot;fbcdn-photos-a.akamaihd.net&quot;:30,&quot;fbcdn-photos-b-a.akamaihd.net&quot;:31,&quot;fbcdn-photos-c-a.akamaihd.net&quot;:32,&quot;fbcdn-photos-d-a.akamaihd.net&quot;:33,&quot;fbcdn-photos-e-a.akamaihd.net&quot;:34,&quot;fbcdn-photos-f-a.akamaihd.net&quot;:35,&quot;fbcdn-photos-g-a.akamaihd.net&quot;:36,&quot;fbcdn-photos-h-a.akamaihd.net&quot;:37,&quot;fbcdn-profile-a.akamaihd.net&quot;:38,&quot;fbcdn-sphotos-a-a.akamaihd.net&quot;:39,&quot;fbcdn-sphotos-b-a.akamaihd.net&quot;:40,&quot;fbcdn-sphotos-c-a.akamaihd.net&quot;:41,&quot;fbcdn-sphotos-d-a.akamaihd.net&quot;:42,&quot;fbcdn-sphotos-e-a.akamaihd.net&quot;:43,&quot;fbcdn-sphotos-f-a.akamaihd.net&quot;:44,&quot;fbcdn-sphotos-g-a.akamaihd.net&quot;:45,&quot;fbcdn-sphotos-h-a.akamaihd.net&quot;:46,&quot;fbcdn-static-a.akamaihd.net&quot;:47,&quot;fbcdn-video-a-a.akamaihd.net&quot;:48,&quot;fbcdn-video-a.akamaihd.net&quot;:49,&quot;fbcdn-video-b-a.akamaihd.net&quot;:50,&quot;fbcdn-video-c-a.akamaihd.net&quot;:51,&quot;fbcdn-video-d-a.akamaihd.net&quot;:52,&quot;fbcdn-video-e-a.akamaihd.net&quot;:53,&quot;fbcdn-video-f-a.akamaihd.net&quot;:54,&quot;fbcdn-video-g-a.akamaihd.net&quot;:55,&quot;fbcdn-video-h-a.akamaihd.net&quot;:56,&quot;fbcdn-video-i-a.akamaihd.net&quot;:57,&quot;fbcdn-video-j-a.akamaihd.net&quot;:58,&quot;fbcdn-video-k-a.akamaihd.net&quot;:59,&quot;fbcdn-video-l-a.akamaihd.net&quot;:60,&quot;fbcdn-video-m-a.akamaihd.net&quot;:61,&quot;fbcdn-video-n-a.akamaihd.net&quot;:62,&quot;fbcdn-video-o-a.akamaihd.net&quot;:63,&quot;fbcdn-video-p-a.akamaihd.net&quot;:64,&quot;fbcdn-vthumb-a.akamaihd.net&quot;:65,&quot;fbexternal-a.akamaihd.net&quot;:66,&quot;fbstatic-a.akamaihd.net&quot;:67,&quot;lookbackvideo1-a.akamaihd.net&quot;:68,&quot;lookbackvideo2-a.akamaihd.net&quot;:69,&quot;lookbackvideo3-a.akamaihd.net&quot;:70,&quot;lookbackvideo4-a.akamaihd.net&quot;:71,&quot;lookbackvideo5-a.akamaihd.net&quot;:72,&quot;lookbackvideo6-a.akamaihd.net&quot;:73,&quot;lookbackvideo7-a.akamaihd.net&quot;:74,&quot;lookbackvideo8-a.akamaihd.net&quot;:75,&quot;igexternal-a.akamaihd.net&quot;:76,&quot;fbmentionslive-a.akamaihd.net&quot;:77,&quot;fblive-a.akamaihd.net&quot;:78,&quot;fbcdn-static-a-a.akamaihd.net&quot;:79,&quot;fbcdn-static-b-a.akamaihd.net&quot;:80,&quot;fb-s-a-a.akamaihd.net&quot;:81,&quot;fb-s-b-a.akamaihd.net&quot;:82,&quot;fb-s-c-a.akamaihd.net&quot;:83,&quot;fb-s-d-a.akamaihd.net&quot;:84,&quot;fb-l-a-a.akamaihd.net&quot;:85,&quot;fb-l-b-a.akamaihd.net&quot;:86,&quot;fb-l-c-a.akamaihd.net&quot;:87,&quot;fb-l-d-a.akamaihd.net&quot;:88},1634],[&quot;IntlPhonologicalRules&quot;,[],{&quot;meta&quot;:{&quot;\/_B\/&quot;:&quot;([.,!?\\s]|^)&quot;,&quot;\/_E\/&quot;:&quot;([.,!?\\s]|$)&quot;},&quot;patterns&quot;:{&quot;\/\u0001(.*)(&#039;|&amp;#039;)s\u0001(?:&#039;|&amp;#039;)s(.*)\/&quot;:&quot;\u0001$1$2s\u0001$3&quot;,&quot;\/_\u0001([^\u0001]*)\u0001\/&quot;:&quot;javascript&quot;}},1496],[&quot;LSD&quot;,[],{&quot;token&quot;:&quot;AVr8pfby&quot;},323],[&quot;PresenceInitialData&quot;,[],{&quot;cookiePollInterval&quot;:500,&quot;cookieVersion&quot;:3,&quot;serverTime&quot;:&quot;1475398457000&quot;,&quot;shouldSuppress&quot;:false,&quot;dictEncode&quot;:true},57],[&quot;BigPipeExperiments&quot;,[],{&quot;preparse_content&quot;:&quot;&quot;,&quot;link_images_to_pagelets&quot;:false,&quot;enable_bigpipe_plugins&quot;:false},907],[&quot;NumberFormatConfig&quot;,[],{&quot;decimalSeparator&quot;:&quot;.&quot;,&quot;numberDelimiter&quot;:&quot;,&quot;,&quot;minDigitsForThousandsSeparator&quot;:4},54],[&quot;UFIConfig&quot;,[],{&quot;commentVPVD&quot;:{&quot;debug_console&quot;:false,&quot;debug_html&quot;:false,&quot;idle_timeout&quot;:5000,&quot;locations&quot;:[],&quot;everywhere&quot;:false,&quot;min_duration_to_log&quot;:100,&quot;min_visible_size&quot;:200},&quot;defaultPageSize&quot;:50,&quot;renderEmoji&quot;:true,&quot;renderEmoticons&quot;:true,&quot;shouldShowStickerNUX&quot;:false,&quot;shouldShowVideosInCommentsNux&quot;:false,&quot;shouldShowMarkdownCommentNUX&quot;:false,&quot;shouldShowHideConstituentTitleNUX&quot;:false,&quot;shouldShowOwnerConstituentTitleNUX&quot;:false,&quot;vpvLoggingTimeout&quot;:1000,&quot;facecastWWWCommentQueueThreshold&quot;:3,&quot;canPublishLive&quot;:false,&quot;logChangeOrderingModeUsageSampleRate&quot;:1,&quot;logCommentsTimespent&quot;:true,&quot;logWhetherUFISeen&quot;:false,&quot;showHashtagTypeahead&quot;:false,&quot;numberDelimiter&quot;:&quot;,&quot;,&quot;reshareedu&quot;:true,&quot;logCommentPost&quot;:false,&quot;logCommentLoad&quot;:false,&quot;reactionsHasDirectReactTokens&quot;:false,&quot;reactionsFunnelLogger&quot;:null,&quot;reactionsMultilineSocialSentence&quot;:false,&quot;reactionsHasCommentsNux&quot;:false,&quot;reactionsHasTooltipBreakdown&quot;:false,&quot;reactionsHasCommentsBling&quot;:false,&quot;reactionsHasMegaDock&quot;:false,&quot;reactionsHasPopupDockAnimation&quot;:false,&quot;reactionsPopupDockAnimationDuration&quot;:500,&quot;reactionsHasAnimatedVectorDock&quot;:false,&quot;reactionsHasAnimatedIconsOnHover&quot;:false,&quot;reactionsHasStaticVectorDock&quot;:false,&quot;reactionsHasStaticFileVectorDock&quot;:false,&quot;reactionsHasThemes&quot;:false,&quot;reactionsTheme&quot;:null,&quot;reactionsHasDockSuggestions&quot;:false,&quot;reactionsHasSuggestedReaction&quot;:false,&quot;showCommentEmbedOption&quot;:true,&quot;alwaysPreviewSticker&quot;:false,&quot;publicConversationsUnicornWhitelist&quot;:false,&quot;typingIndicator&quot;:{&quot;subscribe&quot;:false,&quot;showInline&quot;:false,&quot;showPill&quot;:false,&quot;fromEveryone&quot;:false},&quot;allowCommentCountInSocialSentenceRow&quot;:false,&quot;allowExplicitPagerCount&quot;:false,&quot;maxSubscriptionLiveCommentsQueueLength&quot;:10,&quot;feedfocusWrapperModule&quot;:null,&quot;shouldTranslationsReplaceContent&quot;:false,&quot;shouldLogFacecastStreamingCommentDelay&quot;:false,&quot;showWebLivePinnedComments&quot;:false,&quot;showUFICrowdsource&quot;:false},71],[&quot;VideoThumbnailConfig&quot;,[],{&quot;defaultThumbnailURL&quot;:&quot;https:\/\/fbstatic-a.akamaihd.net\/rsrc.php\/v3\/yN\/r\/AAqMW82PqGg.gif&quot;},967],[&quot;FluxInternalConfig&quot;,[],{&quot;logOnPreInitAccess&quot;:false,&quot;warnOnPreInitAccess&quot;:false},1075],[&quot;DTSGInitialData&quot;,[],{},258],[&quot;ArtilleryExperiments&quot;,[],{&quot;artillery_timeslice_edges&quot;:false,&quot;artillery_static_resources_pagelet_attribution&quot;:false,&quot;artillery_timeslice_compressed_data&quot;:false},1237],[&quot;BanzaiConfig&quot;,[],{&quot;EXPIRY&quot;:86400000,&quot;MAX_SIZE&quot;:10000,&quot;MAX_WAIT&quot;:150000,&quot;RESTORE_WAIT&quot;:150000,&quot;blacklist&quot;:[&quot;time_spent&quot;],&quot;gks&quot;:{&quot;boosted_component&quot;:true,&quot;boosted_pagelikes&quot;:true,&quot;boosted_posts&quot;:true,&quot;boosted_website&quot;:true,&quot;jslogger&quot;:true,&quot;mercury_send_error_logging&quot;:true,&quot;pages_client_logging&quot;:true,&quot;platform_oauth_client_events&quot;:true,&quot;useraction&quot;:true,&quot;videos&quot;:true,&quot;visibility_tracking&quot;:true,&quot;vitals&quot;:true,&quot;graphexplorer&quot;:true,&quot;gqls_web_logging&quot;:true}},7],[&quot;LinkReactUnsafeHrefConfig&quot;,[],{&quot;LinkHrefChecker&quot;:null},1182],[&quot;FbtLogger&quot;,[],{&quot;logger&quot;:null},288],[&quot;TrackingConfig&quot;,[],{&quot;domain&quot;:&quot;https:\/\/pixel.facebook.com&quot;},325],[&quot;WebSpeedExperiments&quot;,[],{&quot;non_blocking_tracker&quot;:false,&quot;non_blocking_logger&quot;:false},1160],[&quot;ZeroRewriteRules&quot;,[],{},1478],[&quot;GroupsProductDetailGating&quot;,[],{&quot;tuzi_dialog&quot;:null},1461],[&quot;CoreWarningGK&quot;,[],{&quot;forceWarning&quot;:false},725],[&quot;AsyncRequestConfig&quot;,[],{&quot;retryOnNetworkError&quot;:&quot;1&quot;,&quot;logAsyncRequest&quot;:false},328],[&quot;WWWBase&quot;,[],{&quot;uri&quot;:&quot;https:\/\/www.facebook.com\/&quot;},318],[&quot;CanvasToBlobResource&quot;,[],{&quot;url&quot;:&quot;https:\/\/fbstatic-a.akamaihd.net\/rsrc.php\/v3\/yj\/r\/7wFBcXwtV0I.js&quot;,&quot;name&quot;:&quot;CanvasToBlobBundle&quot;},864],[&quot;SessionNameConfig&quot;,[],{&quot;seed&quot;:&quot;1dy6&quot;},757],[&quot;ServerNonce&quot;,[],{&quot;ServerNonce&quot;:&quot;GAfI39WuCwQ322avihdQ4q&quot;},141],[&quot;ErrorSignalConfig&quot;,[],{&quot;uri&quot;:&quot;https:\/\/error.facebook.com\/common\/scribe_endpoint.php&quot;},319],[&quot;PageTransitionsConfig&quot;,[],{&quot;reloadOnBootloadError&quot;:true},1067],[&quot;AccessibilityConfig&quot;,[],{&quot;a11yLogicalGridComponent&quot;:false,&quot;a11yNewsfeedStoryEnumeration&quot;:false,&quot;a11yInitialDialogFocusElement&quot;:true},1227],[&quot;TypeaheadMetricsConfig&quot;,[],{&quot;gkResults&quot;:false},263],[&quot;ServiceWorkerBackgroundSyncGK&quot;,[],{&quot;background_sync_sw&quot;:false},1628],[&quot;ServiceWorkerBackgroundSyncBanzaiGK&quot;,[],{&quot;sw_background_sync_banzai&quot;:false},1621],[&quot;WebWorkerConfig&quot;,[],{&quot;logging&quot;:{&quot;enabled&quot;:false,&quot;config&quot;:&quot;WebWorkerLoggerConfig&quot;},&quot;evalWorkerURL&quot;:&quot;\/rsrc.php\/v3\/y0\/r\/rfukCScFKrW.js&quot;},297],[&quot;FileHashWorkerResource&quot;,[],{&quot;url&quot;:&quot;https:\/\/fbstatic-a.akamaihd.net\/rsrc.php\/v3\/y9\/r\/fJ5p40jXhrq.js&quot;,&quot;name&quot;:&quot;FileHashWorkerBundle&quot;},758],[&quot;PageNavigationStageLoggerGK&quot;,[],{&quot;gk_check&quot;:false},1434],[&quot;VideoUploadConfig&quot;,[],{&quot;videoExtensions&quot;:{&quot;mov&quot;:1,&quot;qt&quot;:1,&quot;wmv&quot;:1,&quot;avi&quot;:1,&quot;mpe&quot;:1,&quot;mpg&quot;:1,&quot;mpeg&quot;:1,&quot;asf&quot;:1,&quot;mp4&quot;:1,&quot;m4v&quot;:1,&quot;mpeg4&quot;:1,&quot;3gpp&quot;:1,&quot;3gp&quot;:1,&quot;3g2&quot;:1,&quot;mkv&quot;:1,&quot;flv&quot;:1,&quot;vob&quot;:1,&quot;ogm&quot;:1,&quot;ogv&quot;:1,&quot;nsv&quot;:1,&quot;mod&quot;:1,&quot;tod&quot;:1,&quot;dat&quot;:1,&quot;mts&quot;:1,&quot;m2ts&quot;:1,&quot;dv&quot;:1,&quot;divx&quot;:1,&quot;f4v&quot;:1,&quot;ts&quot;:1,&quot;tmp&quot;:1,&quot;rmvb&quot;:1,&quot;webm&quot;:1},&quot;allowMultimedia&quot;:false,&quot;showMultimediaNUX&quot;:false},267],[&quot;PhotoSnowliftActionsGating&quot;,[],{&quot;ALLOW_MAKE_COVER_PHOTO_BUTTON&quot;:false,&quot;ALLOW_MAKE_PROFILE_PICTURE_BUTTON&quot;:false},887],[&quot;InitialServerTime&quot;,[],{&quot;serverTime&quot;:1475398457000},204],[&quot;IntlViewerContext&quot;,[],{&quot;GENDER&quot;:50331648},772],[&quot;UFIReactionTypes&quot;,[],{&quot;LIKE&quot;:1,&quot;ordering&quot;:[1,2,13,11,4,5,3,10,12,7,8,14,15],&quot;NONE&quot;:0,&quot;reactions&quot;:{&quot;1&quot;:{&quot;class_name&quot;:&quot;_3j7l&quot;,&quot;color&quot;:&quot;#5890ff&quot;,&quot;display_name&quot;:&quot;Like&quot;,&quot;is_deprecated&quot;:false,&quot;is_visible&quot;:true,&quot;name&quot;:&quot;like&quot;,&quot;type&quot;:1},&quot;2&quot;:{&quot;class_name&quot;:&quot;_3j7m&quot;,&quot;color&quot;:&quot;#f25268&quot;,&quot;display_name&quot;:&quot;Love&quot;,&quot;is_deprecated&quot;:false,&quot;is_visible&quot;:true,&quot;name&quot;:&quot;love&quot;,&quot;type&quot;:2},&quot;13&quot;:{&quot;class_name&quot;:null,&quot;color&quot;:&quot;#1d2129&quot;,&quot;display_name&quot;:&quot;Selfie&quot;,&quot;is_deprecated&quot;:false,&quot;is_visible&quot;:false,&quot;name&quot;:&quot;selfie&quot;,&quot;type&quot;:13},&quot;11&quot;:{&quot;class_name&quot;:&quot;_3rya&quot;,&quot;color&quot;:&quot;#9c87d1&quot;,&quot;display_name&quot;:&quot;Thankful&quot;,&quot;is_deprecated&quot;:false,&quot;is_visible&quot;:true,&quot;name&quot;:&quot;dorothy&quot;,&quot;type&quot;:11},&quot;4&quot;:{&quot;class_name&quot;:&quot;_3j7o&quot;,&quot;color&quot;:&quot;#f0ba15&quot;,&quot;display_name&quot;:&quot;Haha&quot;,&quot;is_deprecated&quot;:false,&quot;is_visible&quot;:true,&quot;name&quot;:&quot;haha&quot;,&quot;type&quot;:4},&quot;5&quot;:{&quot;class_name&quot;:&quot;_3j7p&quot;,&quot;color&quot;:&quot;#f0ba15&quot;,&quot;display_name&quot;:&quot;Yay&quot;,&quot;is_deprecated&quot;:true,&quot;is_visible&quot;:true,&quot;name&quot;:&quot;yay&quot;,&quot;type&quot;:5},&quot;3&quot;:{&quot;class_name&quot;:&quot;_3j7n&quot;,&quot;color&quot;:&quot;#f0ba15&quot;,&quot;display_name&quot;:&quot;Wow&quot;,&quot;is_deprecated&quot;:false,&quot;is_visible&quot;:true,&quot;name&quot;:&quot;wow&quot;,&quot;type&quot;:3},&quot;10&quot;:{&quot;class_name&quot;:&quot;_3j7s&quot;,&quot;color&quot;:&quot;#f0ba15&quot;,&quot;display_name&quot;:&quot;Confused&quot;,&quot;is_deprecated&quot;:true,&quot;is_visible&quot;:true,&quot;name&quot;:&quot;confused&quot;,&quot;type&quot;:10},&quot;12&quot;:{&quot;class_name&quot;:null,&quot;color&quot;:&quot;#f0ba15&quot;,&quot;display_name&quot;:&quot;Like&quot;,&quot;is_deprecated&quot;:false,&quot;is_visible&quot;:false,&quot;name&quot;:&quot;toto&quot;,&quot;type&quot;:12},&quot;7&quot;:{&quot;class_name&quot;:&quot;_3j7r&quot;,&quot;color&quot;:&quot;#f0ba15&quot;,&quot;display_name&quot;:&quot;Sad&quot;,&quot;is_deprecated&quot;:false,&quot;is_visible&quot;:true,&quot;name&quot;:&quot;sorry&quot;,&quot;type&quot;:7},&quot;8&quot;:{&quot;class_name&quot;:&quot;_3j7q&quot;,&quot;color&quot;:&quot;#f7714b&quot;,&quot;display_name&quot;:&quot;Angry&quot;,&quot;is_deprecated&quot;:false,&quot;is_visible&quot;:true,&quot;name&quot;:&quot;anger&quot;,&quot;type&quot;:8},&quot;14&quot;:{&quot;class_name&quot;:&quot;_3qr6&quot;,&quot;color&quot;:&quot;#f0ba15&quot;,&quot;display_name&quot;:&quot;Like&quot;,&quot;is_deprecated&quot;:false,&quot;is_visible&quot;:false,&quot;name&quot;:&quot;flame&quot;,&quot;type&quot;:14},&quot;15&quot;:{&quot;class_name&quot;:&quot;_4vps&quot;,&quot;color&quot;:&quot;#5890ff&quot;,&quot;display_name&quot;:&quot;Like&quot;,&quot;is_deprecated&quot;:false,&quot;is_visible&quot;:false,&quot;name&quot;:&quot;plane&quot;,&quot;type&quot;:15}}},911],[&quot;FbtResultGK&quot;,[],{&quot;shouldReturnFbtResult&quot;:false,&quot;inlineMode&quot;:&quot;NO_INLINE&quot;},876],[&quot;EmojiConfig&quot;,[],{&quot;hasFBEmoji&quot;:false,&quot;pixelRatio&quot;:&quot;1&quot;,&quot;schemaAuth&quot;:&quot;https:\/\/fbstatic-a.akamaihd.net\/images\/emoji.php\/v5&quot;},1421],[&quot;SupportedEmoji&quot;,[&quot;SupportedClassicEmoji&quot;],{&quot;emoji&quot;:{&quot;__m&quot;:&quot;SupportedClassicEmoji&quot;}},1688],[&quot;UFISpamCountImpl&quot;,[],{&quot;module&quot;:null},72],[&quot;MercuryConfig&quot;,[],{},35],[&quot;PaddedStickerConfig&quot;,[],{},1667],[&quot;RelayAPIConfigDefaults&quot;,[&quot;__inst_84473062_0_0&quot;,&quot;__inst_84473062_0_1&quot;],{&quot;accessToken&quot;:&quot;&quot;,&quot;actorID&quot;:&quot;0&quot;,&quot;fetchTimeout&quot;:30000,&quot;graphBatchURI&quot;:{&quot;__m&quot;:&quot;__inst_84473062_0_0&quot;},&quot;graphURI&quot;:{&quot;__m&quot;:&quot;__inst_84473062_0_1&quot;},&quot;retryDelays&quot;:[1000,3000],&quot;useXController&quot;:true,&quot;xhrEncoding&quot;:null},926],[&quot;WorkModeConfig&quot;,[],{},396],[&quot;FamilyMentionsData&quot;,[],{&quot;allowFamilyNames&quot;:false,&quot;hasAcceptedNUX&quot;:false},708]]);new (require(&quot;ServerJS&quot;))().setServerFeatures(&quot;o&quot;).handle({&quot;instances&quot;:[[&quot;__inst_84473062_0_0&quot;,[&quot;URI&quot;],[&quot;\/api\/graphqlbatch\/&quot;],1],[&quot;__inst_84473062_0_1&quot;,[&quot;URI&quot;],[&quot;\/api\/graphql\/&quot;],1]],&quot;require&quot;:[[&quot;TimeSlice&quot;],[&quot;markJSEnabled&quot;],[&quot;lowerDomain&quot;],[&quot;URLFragmentPrelude&quot;],[&quot;Primer&quot;],[&quot;BigPipe&quot;],[&quot;Bootloader&quot;],[&quot;TimeSlice&quot;,&quot;disableHeartbeat&quot;,[],[],[]]]});}, &quot;ServerJS define&quot;, {&quot;root&quot;:true})();&lt;/script&gt;&lt;/head&gt;&lt;body class=&quot;fbx UIPage_LoggedOut _-kb _59l x1 Locale_en_GB&quot; dir=&quot;ltr&quot;&gt;&lt;div class=&quot;_li&quot;&gt;&lt;div id=&quot;pagelet_bluebar&quot; data-referrer=&quot;pagelet_bluebar&quot;&gt;&lt;div id=&quot;blueBarDOMInspector&quot;&gt;&lt;div class=&quot;_53jh&quot;&gt;&lt;div class=&quot;loggedout_menubar_container&quot;&gt;&lt;div class=&quot;clearfix loggedout_menubar&quot;&gt;&lt;div class=&quot;lfloat _ohe&quot;&gt;&lt;h1&gt;&lt;a href=&quot;https://www.facebook.com/&quot; title=&quot;Go to Facebook home&quot;&gt;&lt;i class=&quot;fb_logo img sp_gcs3KwMIzoZ sx_1c0c4b&quot;&gt;&lt;u&gt;Facebook&lt;/u&gt;&lt;/i&gt;&lt;/a&gt;&lt;/h1&gt;&lt;/div&gt;&lt;div class=&quot;menu_login_container rfloat _ohf&quot;&gt;&lt;form id=&quot;login_form&quot; action=&quot;https://www.facebook.com/login.php?login_attempt=1&amp;amp;lwv=110&quot; method=&quot;post&quot; novalidate=&quot;1&quot; onsubmit=&quot;return window.Event &amp;amp;&amp;amp; Event.__inlineSubmit &amp;amp;&amp;amp; Event.__inlineSubmit(this,event)&quot;&gt;&lt;input type=&quot;hidden&quot; name=&quot;lsd&quot; value=&quot;AVr8pfby&quot; autocomplete=&quot;off&quot; /&gt;&lt;table cellspacing=&quot;0&quot; role=&quot;presentation&quot;&gt;&lt;tr&gt;&lt;td class=&quot;html7magic&quot;&gt;&lt;label for=&quot;email&quot;&gt;Email or Phone&lt;/label&gt;&lt;/td&gt;&lt;td class=&quot;html7magic&quot;&gt;&lt;label for=&quot;pass&quot;&gt;Password&lt;/label&gt;&lt;/td&gt;&lt;/tr&gt;&lt;tr&gt;&lt;td&gt;&lt;input type=&quot;email&quot; class=&quot;inputtext&quot; name=&quot;email&quot; id=&quot;email&quot; value=&quot;&quot; tabindex=&quot;1&quot; /&gt;&lt;/td&gt;&lt;td&gt;&lt;input type=&quot;password&quot; class=&quot;inputtext&quot; name=&quot;pass&quot; id=&quot;pass&quot; tabindex=&quot;2&quot; /&gt;&lt;/td&gt;&lt;td&gt;&lt;label class=&quot;uiButton uiButtonConfirm&quot; style=&quot;&quot; id=&quot;loginbutton&quot; for=&quot;u_0_0&quot;&gt;&lt;input value=&quot;Log In&quot; tabindex=&quot;4&quot; type=&quot;submit&quot; id=&quot;u_0_0&quot; /&gt;&lt;/label&gt;&lt;/td&gt;&lt;/tr&gt;&lt;tr&gt;&lt;td class=&quot;login_form_label_field&quot;&gt;&lt;div&gt;&lt;input type=&quot;hidden&quot; autocomplete=&quot;off&quot; checked=&quot;1&quot; name=&quot;persistent&quot; /&gt;&lt;input type=&quot;hidden&quot; name=&quot;default_persistent&quot; value=&quot;1&quot; /&gt;&lt;/div&gt;&lt;/td&gt;&lt;td class=&quot;login_form_label_field&quot;&gt;&lt;a href=&quot;https://www.facebook.com/recover/initiate?lwv=110&quot;&gt;Forgotten account?&lt;/a&gt;&lt;/td&gt;&lt;/tr&gt;&lt;/table&gt;&lt;input type=&quot;hidden&quot; autocomplete=&quot;off&quot; name=&quot;timezone&quot; value=&quot;&quot; id=&quot;u_0_1&quot; /&gt;&lt;input type=&quot;hidden&quot; autocomplete=&quot;off&quot; name=&quot;lgndim&quot; value=&quot;&quot; id=&quot;u_0_2&quot; /&gt;&lt;input type=&quot;hidden&quot; name=&quot;lgnrnd&quot; value=&quot;015417_35qG&quot; /&gt;&lt;input type=&quot;hidden&quot; id=&quot;lgnjs&quot; name=&quot;lgnjs&quot; value=&quot;n&quot; /&gt;&lt;input type=&quot;hidden&quot; autocomplete=&quot;off&quot; name=&quot;ab_test_data&quot; value=&quot;&quot; /&gt;&lt;input type=&quot;hidden&quot; autocomplete=&quot;off&quot; id=&quot;locale&quot; name=&quot;locale&quot; value=&quot;en_GB&quot; /&gt;&lt;/form&gt;&lt;/div&gt;&lt;/div&gt;&lt;/div&gt;&lt;div class=&quot;signupBanner&quot;&gt;&lt;div class=&quot;signup_bar_container&quot;&gt;&lt;div class=&quot;signup_box clearfix&quot;&gt;&lt;span class=&quot;signup_box_content&quot;&gt;&lt;a class=&quot;_42ft _4jy0 signup_btn _4jy4 _4jy2 selected _51sy&quot; role=&quot;button&quot; href=&quot;/r.php?locale=en_GB&quot;&gt;Sign Up&lt;/a&gt;&lt;/span&gt;&lt;/div&gt;&lt;/div&gt;&lt;/div&gt;&lt;/div&gt;&lt;/div&gt;&lt;/div&gt;&lt;div id=&quot;globalContainer&quot; class=&quot;uiContextualLayerParent&quot;&gt;&lt;div class=&quot;fb_content clearfix &quot; id=&quot;content&quot; role=&quot;main&quot;&gt;&lt;div class=&quot;UIFullPage_Container&quot;&gt;The page you requested was not found&lt;/div&gt;&lt;/div&gt;&lt;div id=&quot;pageFooter&quot; data-referrer=&quot;page_footer&quot;&gt;&lt;ul class=&quot;uiList localeSelectorList _2pid _509- _4ki _6-h _6-j _6-i&quot; data-nocookies=&quot;1&quot;&gt;&lt;li&gt;English (UK)&lt;/li&gt;&lt;li&gt;&lt;a dir=&quot;ltr&quot; href=&quot;https://si-lk.facebook.com/session&quot; onclick=&quot;require(&amp;quot;IntlUtils&amp;quot;).setCookieLocale(&amp;quot;si_LK&amp;quot;, &amp;quot;en_GB&amp;quot;, &amp;quot;https:\/\/si-lk.facebook.com\/session&amp;quot;, &amp;quot;www_list_selector&amp;quot;, 0); return false;&quot; title=&quot;Sinhala&quot;&gt;සිංහල&lt;/a&gt;&lt;/li&gt;&lt;li&gt;&lt;a dir=&quot;ltr&quot; href=&quot;https://ta-in.facebook.com/session&quot; onclick=&quot;require(&amp;quot;IntlUtils&amp;quot;).setCookieLocale(&amp;quot;ta_IN&amp;quot;, &amp;quot;en_GB&amp;quot;, &amp;quot;https:\/\/ta-in.facebook.com\/session&amp;quot;, &amp;quot;www_list_selector&amp;quot;, 1); return false;&quot; title=&quot;Tamil&quot;&gt;தமிழ்&lt;/a&gt;&lt;/li&gt;&lt;li&gt;&lt;a dir=&quot;ltr&quot; href=&quot;https://es-la.facebook.com/session&quot; onclick=&quot;require(&amp;quot;IntlUtils&amp;quot;).setCookieLocale(&amp;quot;es_LA&amp;quot;, &amp;quot;en_GB&amp;quot;, &amp;quot;https:\/\/es-la.facebook.com\/session&amp;quot;, &amp;quot;www_list_selector&amp;quot;, 2); return false;&quot; title=&quot;Spanish&quot;&gt;Español&lt;/a&gt;&lt;/li&gt;&lt;li&gt;&lt;a dir=&quot;ltr&quot; href=&quot;https://de-de.facebook.com/session&quot; onclick=&quot;require(&amp;quot;IntlUtils&amp;quot;).setCookieLocale(&amp;quot;de_DE&amp;quot;, &amp;quot;en_GB&amp;quot;, &amp;quot;https:\/\/de-de.facebook.com\/session&amp;quot;, &amp;quot;www_list_selector&amp;quot;, 3); return false;&quot; title=&quot;German&quot;&gt;Deutsch&lt;/a&gt;&lt;/li&gt;&lt;li&gt;&lt;a dir=&quot;ltr&quot; href=&quot;https://it-it.facebook.com/session&quot; onclick=&quot;require(&amp;quot;IntlUtils&amp;quot;).setCookieLocale(&amp;quot;it_IT&amp;quot;, &amp;quot;en_GB&amp;quot;, &amp;quot;https:\/\/it-it.facebook.com\/session&amp;quot;, &amp;quot;www_list_selector&amp;quot;, 4); return false;&quot; title=&quot;Italian&quot;&gt;Italiano&lt;/a&gt;&lt;/li&gt;&lt;li&gt;&lt;a dir=&quot;ltr&quot; href=&quot;https://fr-fr.facebook.com/session&quot; onclick=&quot;require(&amp;quot;IntlUtils&amp;quot;).setCookieLocale(&amp;quot;fr_FR&amp;quot;, &amp;quot;en_GB&amp;quot;, &amp;quot;https:\/\/fr-fr.facebook.com\/session&amp;quot;, &amp;quot;www_list_selector&amp;quot;, 5); return false;&quot; title=&quot;French (France)&quot;&gt;Français (France)&lt;/a&gt;&lt;/li&gt;&lt;li&gt;&lt;a dir=&quot;ltr&quot; href=&quot;https://pt-br.facebook.com/session&quot; onclick=&quot;require(&amp;quot;IntlUtils&amp;quot;).setCookieLocale(&amp;quot;pt_BR&amp;quot;, &amp;quot;en_GB&amp;quot;, &amp;quot;https:\/\/pt-br.facebook.com\/session&amp;quot;, &amp;quot;www_list_selector&amp;quot;, 6); return false;&quot; title=&quot;Portuguese (Brazil)&quot;&gt;Português (Brasil)&lt;/a&gt;&lt;/li&gt;&lt;li&gt;&lt;a dir=&quot;ltr&quot; href=&quot;https://ja-jp.facebook.com/session&quot; onclick=&quot;require(&amp;quot;IntlUtils&amp;quot;).setCookieLocale(&amp;quot;ja_JP&amp;quot;, &amp;quot;en_GB&amp;quot;, &amp;quot;https:\/\/ja-jp.facebook.com\/session&amp;quot;, &amp;quot;www_list_selector&amp;quot;, 7); return false;&quot; title=&quot;Japanese&quot;&gt;日本語&lt;/a&gt;&lt;/li&gt;&lt;li&gt;&lt;a dir=&quot;rtl&quot; href=&quot;https://ar-ar.facebook.com/session&quot; onclick=&quot;require(&amp;quot;IntlUtils&amp;quot;).setCookieLocale(&amp;quot;ar_AR&amp;quot;, &amp;quot;en_GB&amp;quot;, &amp;quot;https:\/\/ar-ar.facebook.com\/session&amp;quot;, &amp;quot;www_list_selector&amp;quot;, 8); return false;&quot; title=&quot;Arabic&quot;&gt;العربية&lt;/a&gt;&lt;/li&gt;&lt;li&gt;&lt;a dir=&quot;ltr&quot; href=&quot;https://hi-in.facebook.com/session&quot; onclick=&quot;require(&amp;quot;IntlUtils&amp;quot;).setCookieLocale(&amp;quot;hi_IN&amp;quot;, &amp;quot;en_GB&amp;quot;, &amp;quot;https:\/\/hi-in.facebook.com\/session&amp;quot;, &amp;quot;www_list_selector&amp;quot;, 9); return false;&quot; title=&quot;Hindi&quot;&gt;हिन्दी&lt;/a&gt;&lt;/li&gt;&lt;li&gt;&lt;a class=&quot;_42ft _4jy0 _517i _517h _51sy&quot; role=&quot;button&quot; href=&quot;#&quot; rel=&quot;dialog&quot; ajaxify=&quot;/settings/language/language/?uri=https%3A%2F%2Fhi-in.facebook.com%2Fsession&amp;amp;source=www_list_selector_more&quot; title=&quot;Show more languages&quot;&gt;&lt;i class=&quot;img sp_gcs3KwMIzoZ sx_0fa0f3&quot;&gt;&lt;/i&gt;&lt;/a&gt;&lt;/li&gt;&lt;/ul&gt;&lt;div id=&quot;contentCurve&quot;&gt;&lt;/div&gt;&lt;div role=&quot;contentinfo&quot; aria-label=&quot;Facebook site links&quot;&gt;&lt;table class=&quot;uiGrid _51mz navigationGrid&quot; cellspacing=&quot;0&quot; cellpadding=&quot;0&quot;&gt;&lt;tbody&gt;&lt;tr class=&quot;_51mx&quot;&gt;&lt;td class=&quot;_51m- hLeft plm&quot;&gt;&lt;a href=&quot;/r.php&quot; title=&quot;Sign up for Facebook&quot;&gt;Sign Up&lt;/a&gt;&lt;/td&gt;&lt;td class=&quot;_51m- hLeft plm&quot;&gt;&lt;a href=&quot;/login/&quot; title=&quot;Log in to Facebook&quot;&gt;Log In&lt;/a&gt;&lt;/td&gt;&lt;td class=&quot;_51m- hLeft plm&quot;&gt;&lt;a href=&quot;https://messenger.com/&quot; title=&quot;Check out Messenger.&quot;&gt;Messenger&lt;/a&gt;&lt;/td&gt;&lt;td class=&quot;_51m- hLeft plm&quot;&gt;&lt;a href=&quot;/lite/&quot; title=&quot;Facebook Lite for Android.&quot;&gt;Facebook Lite&lt;/a&gt;&lt;/td&gt;&lt;td class=&quot;_51m- hLeft plm&quot;&gt;&lt;a href=&quot;/mobile/?ref=pf&quot; title=&quot;Check out Facebook Mobile.&quot;&gt;Mobile&lt;/a&gt;&lt;/td&gt;&lt;td class=&quot;_51m- hLeft plm&quot;&gt;&lt;a href=&quot;/find-friends?ref=pf&quot; title=&quot;Find anyone on the web.&quot;&gt;Find Friends&lt;/a&gt;&lt;/td&gt;&lt;td class=&quot;_51m- hLeft plm&quot;&gt;&lt;a href=&quot;/badges/?ref=pf&quot; title=&quot;Embed a Facebook badge on your website.&quot;&gt;Badges&lt;/a&gt;&lt;/td&gt;&lt;td class=&quot;_51m- hLeft plm&quot;&gt;&lt;a href=&quot;/directory/people/&quot; title=&quot;Browse our people directory.&quot;&gt;People&lt;/a&gt;&lt;/td&gt;&lt;td class=&quot;_51m- hLeft plm&quot;&gt;&lt;a href=&quot;/directory/pages/&quot; title=&quot;Browse our Pages directory.&quot;&gt;Pages&lt;/a&gt;&lt;/td&gt;&lt;td class=&quot;_51m- hLeft plm&quot;&gt;&lt;a href=&quot;/places/&quot; title=&quot;Check out popular places on Facebook.&quot;&gt;Places&lt;/a&gt;&lt;/td&gt;&lt;td class=&quot;_51m- hLeft plm _51mw&quot;&gt;&lt;a href=&quot;/games/&quot; title=&quot;Check out Facebook games.&quot;&gt;Games&lt;/a&gt;&lt;/td&gt;&lt;/tr&gt;&lt;tr class=&quot;_51mx&quot;&gt;&lt;td class=&quot;_51m- hLeft plm&quot;&gt;&lt;a href=&quot;/directory/places/&quot; title=&quot;Browse our places directory.&quot;&gt;Locations&lt;/a&gt;&lt;/td&gt;&lt;td class=&quot;_51m- hLeft plm&quot;&gt;&lt;a href=&quot;/directory/celebrities/&quot; title=&quot;Browse our Public figures &amp;amp; celebrities directory.&quot;&gt;Celebrities&lt;/a&gt;&lt;/td&gt;&lt;td class=&quot;_51m- hLeft plm&quot;&gt;&lt;a href=&quot;/directory/groups/&quot; title=&quot;Browse our Groups directory.&quot;&gt;Groups&lt;/a&gt;&lt;/td&gt;&lt;td class=&quot;_51m- hLeft plm&quot;&gt;&lt;a href=&quot;http://l.facebook.com/l.php?u=http%3A%2F%2Fmomentsapp.com%2F&amp;amp;h=zAQEj_J7V&amp;amp;s=1&quot; title=&quot;Check out Moments.&quot; target=&quot;_blank&quot; rel=&quot;nofollow&quot; onmouseover=&quot;LinkshimAsyncLink.swap(this, &amp;quot;http:\/\/momentsapp.com\/&amp;quot;);&quot; onclick=&quot;LinkshimAsyncLink.swap(this, &amp;quot;http:\/\/l.facebook.com\/l.php?u=http\u00253A\u00252F\u00252Fmomentsapp.com\u00252F&amp;amp;h=zAQEj_J7V&amp;amp;s=1&amp;quot;);&quot;&gt;Moments&lt;/a&gt;&lt;/td&gt;&lt;td class=&quot;_51m- hLeft plm&quot;&gt;&lt;a href=&quot;/facebook&quot; accesskey=&quot;8&quot; title=&quot;Read our blog, discover the resource centre and find job opportunities.&quot;&gt;About&lt;/a&gt;&lt;/td&gt;&lt;td class=&quot;_51m- hLeft plm&quot;&gt;&lt;a href=&quot;/campaign/landing.php?placement=pflo&amp;amp;campaign_id=402047449186&amp;amp;extra_1=auto&quot; title=&quot;Advertise on Facebook&quot;&gt;Create Advert&lt;/a&gt;&lt;/td&gt;&lt;td class=&quot;_51m- hLeft plm&quot;&gt;&lt;a href=&quot;/pages/create/?ref_type=sitefooter&quot; title=&quot;Create a Page&quot;&gt;Create Page&lt;/a&gt;&lt;/td&gt;&lt;td class=&quot;_51m- hLeft plm&quot;&gt;&lt;a href=&quot;https://developers.facebook.com/?ref=pf&quot; title=&quot;Develop on our platform.&quot;&gt;Developers&lt;/a&gt;&lt;/td&gt;&lt;td class=&quot;_51m- hLeft plm&quot;&gt;&lt;a href=&quot;/careers/?ref=pf&quot; title=&quot;Make your next career move to our brilliant company.&quot;&gt;Careers&lt;/a&gt;&lt;/td&gt;&lt;td class=&quot;_51m- hLeft plm&quot;&gt;&lt;a data-nocookies=&quot;1&quot; href=&quot;/privacy/explanation&quot; title=&quot;Learn about your privacy and Facebook.&quot;&gt;Privacy&lt;/a&gt;&lt;/td&gt;&lt;td class=&quot;_51m- hLeft plm _51mw&quot;&gt;&lt;a href=&quot;/policies/cookies/&quot; title=&quot;Learn about cookies and Facebook.&quot; data-nocookies=&quot;1&quot;&gt;Cookies&lt;/a&gt;&lt;/td&gt;&lt;/tr&gt;&lt;tr class=&quot;_51mx&quot;&gt;&lt;td class=&quot;_51m- hLeft plm&quot;&gt;&lt;a class=&quot;_41ug&quot; data-nocookies=&quot;1&quot; href=&quot;https://www.facebook.com/help/568137493302217&quot; title=&quot;Learn about Ad Choices.&quot;&gt;AdChoices&lt;i class=&quot;img sp_gcs3KwMIzoZ sx_f92e85&quot;&gt;&lt;/i&gt;&lt;/a&gt;&lt;/td&gt;&lt;td class=&quot;_51m- hLeft plm&quot;&gt;&lt;a data-nocookies=&quot;1&quot; href=&quot;/policies/?ref=pf&quot; accesskey=&quot;9&quot; title=&quot;Review our terms and policies.&quot;&gt;Terms&lt;/a&gt;&lt;/td&gt;&lt;td class=&quot;_51m- hLeft plm&quot;&gt;&lt;a href=&quot;/help/?ref=pf&quot; accesskey=&quot;0&quot; title=&quot;Visit our Help Centre.&quot;&gt;Help&lt;/a&gt;&lt;/td&gt;&lt;td class=&quot;_51m- hLeft plm&quot;&gt;&lt;a class=&quot;accessible_elem&quot; accesskey=&quot;6&quot; href=&quot;/settings&quot; title=&quot;View and edit your Facebook settings.&quot;&gt;Settings&lt;/a&gt;&lt;/td&gt;&lt;td class=&quot;_51m- hLeft plm&quot;&gt;&lt;a class=&quot;accessible_elem&quot; accesskey=&quot;7&quot; href=&quot;/allactivity?privacy_source=activity_log_top_menu&quot; title=&quot;View your activity log&quot;&gt;Activity Log&lt;/a&gt;&lt;/td&gt;&lt;/tr&gt;&lt;/tbody&gt;&lt;/table&gt;&lt;/div&gt;&lt;div class=&quot;mvl copyright&quot;&gt;&lt;div&gt;&lt;span&gt; Facebook © 2016&lt;/span&gt;&lt;/div&gt;&lt;/div&gt;&lt;/div&gt;&lt;/div&gt;&lt;/div&gt;
&lt;script&gt;requireLazy([&quot;Bootloader&quot;], function(Bootloader) {Bootloader.setResourceMap({&quot;rnx9z&quot;:{&quot;type&quot;:&quot;js&quot;,&quot;src&quot;:&quot;https:\/\/fbstatic-a.akamaihd.net\/rsrc.php\/v3iWxT4\/yf\/l\/en_GB\/6zuEHaftlGW.js&quot;,&quot;crossOrigin&quot;:1},&quot;oeUXN&quot;:{&quot;type&quot;:&quot;js&quot;,&quot;src&quot;:&quot;https:\/\/fbstatic-a.akamaihd.net\/rsrc.php\/v3\/y5\/r\/47uHGzMUrOd.js&quot;,&quot;crossOrigin&quot;:1},&quot;zfCPQ&quot;:{&quot;type&quot;:&quot;js&quot;,&quot;src&quot;:&quot;https:\/\/fbstatic-a.akamaihd.net\/rsrc.php\/v3i58P4\/yk\/l\/en_GB\/Mqyx4Ehudyp.js&quot;,&quot;crossOrigin&quot;:1},&quot;iUf8u&quot;:{&quot;type&quot;:&quot;js&quot;,&quot;src&quot;:&quot;https:\/\/fbstatic-a.akamaihd.net\/rsrc.php\/v3iMcS4\/y_\/l\/en_GB\/M7lBRYTP4BI.js&quot;,&quot;crossOrigin&quot;:1},&quot;h1eXN&quot;:{&quot;type&quot;:&quot;css&quot;,&quot;src&quot;:&quot;https:\/\/fbstatic-a.akamaihd.net\/rsrc.php\/v3\/yT\/r\/X_T0bahN_RX.css&quot;,&quot;permanent&quot;:1,&quot;crossOrigin&quot;:1},&quot;KbsEc&quot;:{&quot;type&quot;:&quot;js&quot;,&quot;src&quot;:&quot;https:\/\/fbstatic-a.akamaihd.net\/rsrc.php\/v3\/yo\/r\/sSWoqSSyv--.js&quot;,&quot;crossOrigin&quot;:1},&quot;OUmlD&quot;:{&quot;type&quot;:&quot;js&quot;,&quot;src&quot;:&quot;https:\/\/fbstatic-a.akamaihd.net\/rsrc.php\/v3iolV4\/yt\/l\/en_GB\/4NEACvwTzoW.js&quot;,&quot;crossOrigin&quot;:1},&quot;31rsh&quot;:{&quot;type&quot;:&quot;js&quot;,&quot;src&quot;:&quot;https:\/\/fbstatic-a.akamaihd.net\/rsrc.php\/v3i58P4\/yC\/l\/en_GB\/LV6BgeCgBt4.js&quot;,&quot;crossOrigin&quot;:1},&quot;HxN4u&quot;:{&quot;type&quot;:&quot;js&quot;,&quot;src&quot;:&quot;https:\/\/fbstatic-a.akamaihd.net\/rsrc.php\/v3iqTc4\/yN\/l\/en_GB\/s4RnahAA2IY.js&quot;,&quot;crossOrigin&quot;:1},&quot;d25Q1&quot;:{&quot;type&quot;:&quot;js&quot;,&quot;src&quot;:&quot;https:\/\/fbstatic-a.akamaihd.net\/rsrc.php\/v3\/ya\/r\/9Nm0zF6vhHJ.js&quot;,&quot;crossOrigin&quot;:1},&quot;oE4Do&quot;:{&quot;type&quot;:&quot;js&quot;,&quot;src&quot;:&quot;https:\/\/fbstatic-a.akamaihd.net\/rsrc.php\/v3\/ym\/r\/xfurrcRcoiy.js&quot;,&quot;crossOrigin&quot;:1},&quot;gHZav&quot;:{&quot;type&quot;:&quot;js&quot;,&quot;src&quot;:&quot;https:\/\/fbstatic-a.akamaihd.net\/rsrc.php\/v3iUwt4\/yf\/l\/en_GB\/n1joz4yOuIk.js&quot;,&quot;crossOrigin&quot;:1},&quot;ccpBO&quot;:{&quot;type&quot;:&quot;js&quot;,&quot;src&quot;:&quot;https:\/\/fbstatic-a.akamaihd.net\/rsrc.php\/v3\/yJ\/r\/SN6qBmEx4ek.js&quot;,&quot;crossOrigin&quot;:1},&quot;Pszbx&quot;:{&quot;type&quot;:&quot;js&quot;,&quot;src&quot;:&quot;https:\/\/fbstatic-a.akamaihd.net\/rsrc.php\/v3ixzs4\/yp\/l\/en_GB\/jMpzpmek6ZE.js&quot;,&quot;crossOrigin&quot;:1},&quot;ROaSr&quot;:{&quot;type&quot;:&quot;js&quot;,&quot;src&quot;:&quot;https:\/\/fbstatic-a.akamaihd.net\/rsrc.php\/v3ikFV4\/yj\/l\/en_GB\/ikH8Q5LdKa8.js&quot;,&quot;crossOrigin&quot;:1},&quot;BnIxf&quot;:{&quot;type&quot;:&quot;js&quot;,&quot;src&quot;:&quot;https:\/\/fbstatic-a.akamaihd.net\/rsrc.php\/v3\/yv\/r\/rFBj1orN-5c.js&quot;,&quot;crossOrigin&quot;:1},&quot;W7JZ8&quot;:{&quot;type&quot;:&quot;js&quot;,&quot;src&quot;:&quot;https:\/\/fbstatic-a.akamaihd.net\/rsrc.php\/v3\/yn\/r\/p483VP-60Km.js&quot;,&quot;crossOrigin&quot;:1},&quot;Rpr16&quot;:{&quot;type&quot;:&quot;js&quot;,&quot;src&quot;:&quot;https:\/\/fbstatic-a.akamaihd.net\/rsrc.php\/v3iWVb4\/yg\/l\/en_GB\/1ObHryrDO_I.js&quot;,&quot;crossOrigin&quot;:1},&quot;asyQb&quot;:{&quot;type&quot;:&quot;js&quot;,&quot;src&quot;:&quot;https:\/\/fbstatic-a.akamaihd.net\/rsrc.php\/v3i9-44\/yC\/l\/en_GB\/34hSeAX8CgI.js&quot;,&quot;crossOrigin&quot;:1},&quot;U1FNf&quot;:{&quot;type&quot;:&quot;css&quot;,&quot;src&quot;:&quot;https:\/\/fbstatic-a.akamaihd.net\/rsrc.php\/v3\/yh\/r\/Qv0GObm4IWv.css&quot;,&quot;permanent&quot;:1,&quot;crossOrigin&quot;:1},&quot;pxUXG&quot;:{&quot;type&quot;:&quot;js&quot;,&quot;src&quot;:&quot;https:\/\/fbstatic-a.akamaihd.net\/rsrc.php\/v3ilA54\/y0\/l\/en_GB\/IuujphjE14F.js&quot;,&quot;crossOrigin&quot;:1},&quot;UBFtS&quot;:{&quot;type&quot;:&quot;js&quot;,&quot;src&quot;:&quot;https:\/\/fbstatic-a.akamaihd.net\/rsrc.php\/v3iXRK4\/yL\/l\/en_GB\/VEUfXzZqpTe.js&quot;,&quot;crossOrigin&quot;:1},&quot;Nqvia&quot;:{&quot;type&quot;:&quot;js&quot;,&quot;src&quot;:&quot;https:\/\/fbstatic-a.akamaihd.net\/rsrc.php\/v3iHpv4\/yU\/l\/en_GB\/z0cIPUmRxH5.js&quot;,&quot;crossOrigin&quot;:1},&quot;SrenX&quot;:{&quot;type&quot;:&quot;js&quot;,&quot;src&quot;:&quot;https:\/\/fbstatic-a.akamaihd.net\/rsrc.php\/v3iWas4\/yv\/l\/en_GB\/5XzsPKBRLQc.js&quot;,&quot;crossOrigin&quot;:1},&quot;nI511&quot;:{&quot;type&quot;:&quot;css&quot;,&quot;src&quot;:&quot;https:\/\/fbstatic-a.akamaihd.net\/rsrc.php\/v3\/yt\/r\/zKhcZWUKEKS.css&quot;,&quot;permanent&quot;:1,&quot;crossOrigin&quot;:1},&quot;oj8WF&quot;:{&quot;type&quot;:&quot;js&quot;,&quot;src&quot;:&quot;https:\/\/fbstatic-a.akamaihd.net\/rsrc.php\/v3ihfZ4\/yg\/l\/en_GB\/RuYGeH0o1Ss.js&quot;,&quot;crossOrigin&quot;:1},&quot;7unvu&quot;:{&quot;type&quot;:&quot;js&quot;,&quot;src&quot;:&quot;https:\/\/fbstatic-a.akamaihd.net\/rsrc.php\/v3\/y-\/r\/GXNHL59M6Y9.js&quot;,&quot;crossOrigin&quot;:1},&quot;vuqxt&quot;:{&quot;type&quot;:&quot;js&quot;,&quot;src&quot;:&quot;https:\/\/fbstatic-a.akamaihd.net\/rsrc.php\/v3im9F4\/yW\/l\/en_GB\/emShbrZZduR.js&quot;,&quot;crossOrigin&quot;:1},&quot;+7uI\/&quot;:{&quot;type&quot;:&quot;js&quot;,&quot;src&quot;:&quot;https:\/\/fbstatic-a.akamaihd.net\/rsrc.php\/v3iEmn4\/yc\/l\/en_GB\/izcSh1cZEFG.js&quot;,&quot;crossOrigin&quot;:1},&quot;oa483&quot;:{&quot;type&quot;:&quot;js&quot;,&quot;src&quot;:&quot;https:\/\/fbstatic-a.akamaihd.net\/rsrc.php\/v3\/yi\/r\/p7y6iwn3HOc.js&quot;,&quot;crossOrigin&quot;:1},&quot;TVeTC&quot;:{&quot;type&quot;:&quot;js&quot;,&quot;src&quot;:&quot;https:\/\/fbstatic-a.akamaihd.net\/rsrc.php\/v3\/yT\/r\/5XLBNyqYxRa.js&quot;,&quot;crossOrigin&quot;:1},&quot;cyI2B&quot;:{&quot;type&quot;:&quot;js&quot;,&quot;src&quot;:&quot;https:\/\/fbstatic-a.akamaihd.net\/rsrc.php\/v3iKjl4\/yD\/l\/en_GB\/crRgPnFGOBE.js&quot;,&quot;crossOrigin&quot;:1},&quot;uck9V&quot;:{&quot;type&quot;:&quot;js&quot;,&quot;src&quot;:&quot;https:\/\/fbstatic-a.akamaihd.net\/rsrc.php\/v3iEDO4\/yJ\/l\/en_GB\/1UHorc3fn-d.js&quot;,&quot;crossOrigin&quot;:1},&quot;Z7w5z&quot;:{&quot;type&quot;:&quot;js&quot;,&quot;src&quot;:&quot;https:\/\/fbstatic-a.akamaihd.net\/rsrc.php\/v3\/yN\/r\/RQ02kZkDotV.js&quot;,&quot;crossOrigin&quot;:1},&quot;PpwzV&quot;:{&quot;type&quot;:&quot;css&quot;,&quot;src&quot;:&quot;https:\/\/fbstatic-a.akamaihd.net\/rsrc.php\/v3\/yR\/r\/lbZwsZXjx4l.css&quot;,&quot;crossOrigin&quot;:1},&quot;GkBDu&quot;:{&quot;type&quot;:&quot;js&quot;,&quot;src&quot;:&quot;https:\/\/fbstatic-a.akamaihd.net\/rsrc.php\/v3iKoG4\/yC\/l\/en_GB\/io03-cdFpOj.js&quot;,&quot;crossOrigin&quot;:1},&quot;qfzTq&quot;:{&quot;type&quot;:&quot;js&quot;,&quot;src&quot;:&quot;https:\/\/fbstatic-a.akamaihd.net\/rsrc.php\/v3\/yn\/r\/e8FXcQ1hiDh.js&quot;,&quot;crossOrigin&quot;:1},&quot;YswZ9&quot;:{&quot;type&quot;:&quot;js&quot;,&quot;src&quot;:&quot;https:\/\/fbstatic-a.akamaihd.net\/rsrc.php\/v3iEIA4\/yE\/l\/en_GB\/VnCP8ZnO9cJ.js&quot;,&quot;crossOrigin&quot;:1},&quot;KFfuI&quot;:{&quot;type&quot;:&quot;js&quot;,&quot;src&quot;:&quot;https:\/\/fbstatic-a.akamaihd.net\/rsrc.php\/v3im3H4\/yn\/l\/en_GB\/JnTp9bKg-t2.js&quot;,&quot;crossOrigin&quot;:1},&quot;KZ41\/&quot;:{&quot;type&quot;:&quot;js&quot;,&quot;src&quot;:&quot;https:\/\/fbstatic-a.akamaihd.net\/rsrc.php\/v3ijKw4\/y7\/l\/en_GB\/8DSEkHkoZ4Q.js&quot;,&quot;crossOrigin&quot;:1},&quot;VAm4o&quot;:{&quot;type&quot;:&quot;js&quot;,&quot;src&quot;:&quot;https:\/\/fbstatic-a.akamaihd.net\/rsrc.php\/v3iT7w4\/y_\/l\/en_GB\/MXd1NLOum3A.js&quot;,&quot;crossOrigin&quot;:1},&quot;typPq&quot;:{&quot;type&quot;:&quot;js&quot;,&quot;src&quot;:&quot;https:\/\/fbstatic-a.akamaihd.net\/rsrc.php\/v3\/yT\/r\/N62ckV7P3-c.js&quot;,&quot;crossOrigin&quot;:1},&quot;hhxzt&quot;:{&quot;type&quot;:&quot;js&quot;,&quot;src&quot;:&quot;https:\/\/fbstatic-a.akamaihd.net\/rsrc.php\/v3iHik4\/yE\/l\/en_GB\/AXON2nsZu3Y.js&quot;,&quot;crossOrigin&quot;:1},&quot;zs32t&quot;:{&quot;type&quot;:&quot;js&quot;,&quot;src&quot;:&quot;https:\/\/fbstatic-a.akamaihd.net\/rsrc.php\/v3ihBw4\/yN\/l\/en_GB\/cTeXKmeiJbt.js&quot;,&quot;crossOrigin&quot;:1},&quot;mx0gl&quot;:{&quot;type&quot;:&quot;js&quot;,&quot;src&quot;:&quot;https:\/\/fbstatic-a.akamaihd.net\/rsrc.php\/v3iX_24\/ys\/l\/en_GB\/Prp3nNpp4cb.js&quot;,&quot;crossOrigin&quot;:1},&quot;E\/lai&quot;:{&quot;type&quot;:&quot;js&quot;,&quot;src&quot;:&quot;https:\/\/fbstatic-a.akamaihd.net\/rsrc.php\/v3iUqM4\/y5\/l\/en_GB\/XkDdGGo2R_T.js&quot;,&quot;crossOrigin&quot;:1},&quot;Axext&quot;:{&quot;type&quot;:&quot;css&quot;,&quot;src&quot;:&quot;https:\/\/fbstatic-a.akamaihd.net\/rsrc.php\/v3\/y4\/r\/1xsIzO5WE2f.css&quot;,&quot;permanent&quot;:1,&quot;crossOrigin&quot;:1},&quot;GKJFd&quot;:{&quot;type&quot;:&quot;js&quot;,&quot;src&quot;:&quot;https:\/\/fbstatic-a.akamaihd.net\/rsrc.php\/v3i5XH4\/yK\/l\/en_GB\/qkdirL1FjyB.js&quot;,&quot;crossOrigin&quot;:1},&quot;aAFGu&quot;:{&quot;type&quot;:&quot;js&quot;,&quot;src&quot;:&quot;https:\/\/fbstatic-a.akamaihd.net\/rsrc.php\/v3\/yi\/r\/LeK0HzYAw9Q.js&quot;,&quot;crossOrigin&quot;:1},&quot;Cfe2h&quot;:{&quot;type&quot;:&quot;js&quot;,&quot;src&quot;:&quot;https:\/\/fbstatic-a.akamaihd.net\/rsrc.php\/v3\/yJ\/r\/MA1O2A1etc8.js&quot;,&quot;crossOrigin&quot;:1},&quot;wE\/xn&quot;:{&quot;type&quot;:&quot;js&quot;,&quot;src&quot;:&quot;https:\/\/fbstatic-a.akamaihd.net\/rsrc.php\/v3\/yx\/r\/ilDXfIeRfWl.js&quot;,&quot;crossOrigin&quot;:1},&quot;2pvUV&quot;:{&quot;type&quot;:&quot;js&quot;,&quot;src&quot;:&quot;https:\/\/fbstatic-a.akamaihd.net\/rsrc.php\/v3\/yJ\/r\/VC3QJKvwkbK.js&quot;,&quot;crossOrigin&quot;:1},&quot;gMZ8j&quot;:{&quot;type&quot;:&quot;js&quot;,&quot;src&quot;:&quot;https:\/\/fbstatic-a.akamaihd.net\/rsrc.php\/v3\/yW\/r\/6o6ClvJhT5b.js&quot;,&quot;crossOrigin&quot;:1},&quot;faAFT&quot;:{&quot;type&quot;:&quot;js&quot;,&quot;src&quot;:&quot;https:\/\/fbstatic-a.akamaihd.net\/rsrc.php\/v3\/yx\/r\/sLbufzO7jXI.js&quot;,&quot;crossOrigin&quot;:1},&quot;xPJz9&quot;:{&quot;type&quot;:&quot;js&quot;,&quot;src&quot;:&quot;https:\/\/fbstatic-a.akamaihd.net\/rsrc.php\/v3\/yM\/r\/AusFxSEn2kZ.js&quot;,&quot;crossOrigin&quot;:1},&quot;q4UA4&quot;:{&quot;type&quot;:&quot;css&quot;,&quot;src&quot;:&quot;https:\/\/fbstatic-a.akamaihd.net\/rsrc.php\/v3\/yK\/r\/_KKFFF9zb3v.css&quot;,&quot;permanent&quot;:1,&quot;crossOrigin&quot;:1},&quot;8c2RR&quot;:{&quot;type&quot;:&quot;js&quot;,&quot;src&quot;:&quot;https:\/\/fbstatic-a.akamaihd.net\/rsrc.php\/v3\/yp\/r\/qNczTULatyM.js&quot;,&quot;crossOrigin&quot;:1},&quot;nRbdM&quot;:{&quot;type&quot;:&quot;css&quot;,&quot;src&quot;:&quot;https:\/\/fbstatic-a.akamaihd.net\/rsrc.php\/v3\/y7\/r\/ByKbK4VKngw.css&quot;,&quot;permanent&quot;:1,&quot;crossOrigin&quot;:1},&quot;znBGP&quot;:{&quot;type&quot;:&quot;js&quot;,&quot;src&quot;:&quot;https:\/\/fbstatic-a.akamaihd.net\/rsrc.php\/v3iMfD4\/yH\/l\/en_GB\/H29fmDF0TWn.js&quot;,&quot;crossOrigin&quot;:1},&quot;T3t7s&quot;:{&quot;type&quot;:&quot;js&quot;,&quot;src&quot;:&quot;https:\/\/fbstatic-a.akamaihd.net\/rsrc.php\/v3\/ys\/r\/bArgvqBZzgt.js&quot;,&quot;crossOrigin&quot;:1},&quot;MvwB8&quot;:{&quot;type&quot;:&quot;css&quot;,&quot;src&quot;:&quot;https:\/\/fbstatic-a.akamaihd.net\/rsrc.php\/v3\/yy\/r\/CNPqWoAN0Oa.css&quot;,&quot;permanent&quot;:1,&quot;crossOrigin&quot;:1},&quot;trVCh&quot;:{&quot;type&quot;:&quot;js&quot;,&quot;src&quot;:&quot;https:\/\/fbstatic-a.akamaihd.net\/rsrc.php\/v3iUjc4\/yl\/l\/en_GB\/9SXe5LTaP07.js&quot;,&quot;crossOrigin&quot;:1},&quot;j2zyN&quot;:{&quot;type&quot;:&quot;js&quot;,&quot;src&quot;:&quot;https:\/\/fbstatic-a.akamaihd.net\/rsrc.php\/v3\/yu\/r\/Ls-t_rza-Ne.js&quot;,&quot;crossOrigin&quot;:1},&quot;MYFW3&quot;:{&quot;type&quot;:&quot;js&quot;,&quot;src&quot;:&quot;https:\/\/fbstatic-a.akamaihd.net\/rsrc.php\/v3\/yl\/r\/s6uZrCm9M23.js&quot;,&quot;crossOrigin&quot;:1},&quot;c6oS1&quot;:{&quot;type&quot;:&quot;css&quot;,&quot;src&quot;:&quot;https:\/\/fbstatic-a.akamaihd.net\/rsrc.php\/v3\/ya\/r\/5V_A7fkJFSi.css&quot;,&quot;permanent&quot;:1,&quot;crossOrigin&quot;:1},&quot;j+iuk&quot;:{&quot;type&quot;:&quot;js&quot;,&quot;src&quot;:&quot;https:\/\/fbstatic-a.akamaihd.net\/rsrc.php\/v3iu_u4\/yM\/l\/en_GB\/fCeespNUupw.js&quot;,&quot;crossOrigin&quot;:1},&quot;xp5dx&quot;:{&quot;type&quot;:&quot;js&quot;,&quot;src&quot;:&quot;https:\/\/fbstatic-a.akamaihd.net\/rsrc.php\/v3\/y7\/r\/ktQ6V5rKQsX.js&quot;,&quot;crossOrigin&quot;:1},&quot;rUH02&quot;:{&quot;type&quot;:&quot;css&quot;,&quot;src&quot;:&quot;https:\/\/fbstatic-a.akamaihd.net\/rsrc.php\/v3\/yW\/r\/ZngwvPbpNPm.css&quot;,&quot;permanent&quot;:1,&quot;crossOrigin&quot;:1},&quot;c6yOo&quot;:{&quot;type&quot;:&quot;js&quot;,&quot;src&quot;:&quot;https:\/\/fbstatic-a.akamaihd.net\/rsrc.php\/v3icVz4\/yp\/l\/en_GB\/Lvo-WL2TbM1.js&quot;,&quot;crossOrigin&quot;:1},&quot;C0RM0&quot;:{&quot;type&quot;:&quot;js&quot;,&quot;src&quot;:&quot;https:\/\/fbstatic-a.akamaihd.net\/rsrc.php\/v3\/yD\/r\/aXLFe7EoQs7.js&quot;,&quot;crossOrigin&quot;:1},&quot;EJprH&quot;:{&quot;type&quot;:&quot;js&quot;,&quot;src&quot;:&quot;https:\/\/fbstatic-a.akamaihd.net\/rsrc.php\/v3iTq44\/y0\/l\/en_GB\/JeGJFZ_GsaM.js&quot;,&quot;crossOrigin&quot;:1},&quot;622TF&quot;:{&quot;type&quot;:&quot;css&quot;,&quot;src&quot;:&quot;https:\/\/fbstatic-a.akamaihd.net\/rsrc.php\/v3\/yq\/r\/yAvZmZDyl0s.css&quot;,&quot;permanent&quot;:1,&quot;crossOrigin&quot;:1},&quot;wnUmy&quot;:{&quot;type&quot;:&quot;js&quot;,&quot;src&quot;:&quot;https:\/\/fbstatic-a.akamaihd.net\/rsrc.php\/v3iZVq4\/yF\/l\/en_GB\/VnJzt15lvnI.js&quot;,&quot;crossOrigin&quot;:1},&quot;zxk62&quot;:{&quot;type&quot;:&quot;js&quot;,&quot;src&quot;:&quot;https:\/\/fbstatic-a.akamaihd.net\/rsrc.php\/v3iWSE4\/yV\/l\/en_GB\/C6oBSyBE2GU.js&quot;,&quot;crossOrigin&quot;:1},&quot;MoJTr&quot;:{&quot;type&quot;:&quot;js&quot;,&quot;src&quot;:&quot;https:\/\/fbstatic-a.akamaihd.net\/rsrc.php\/v3ikdT4\/yC\/l\/en_GB\/8MepEYkl8oI.js&quot;,&quot;crossOrigin&quot;:1},&quot;J3oMT&quot;:{&quot;type&quot;:&quot;js&quot;,&quot;src&quot;:&quot;https:\/\/fbstatic-a.akamaihd.net\/rsrc.php\/v3iNAM4\/yp\/l\/en_GB\/UV1yk_t6trs.js&quot;,&quot;crossOrigin&quot;:1},&quot;rUXZC&quot;:{&quot;type&quot;:&quot;css&quot;,&quot;src&quot;:&quot;https:\/\/fbstatic-a.akamaihd.net\/rsrc.php\/v3\/y5\/r\/PQ1ep2i5YKN.css&quot;,&quot;permanent&quot;:1,&quot;crossOrigin&quot;:1},&quot;l7xjy&quot;:{&quot;type&quot;:&quot;js&quot;,&quot;src&quot;:&quot;https:\/\/fbstatic-a.akamaihd.net\/rsrc.php\/v3iAG44\/yB\/l\/en_GB\/fvNLzSdRI3z.js&quot;,&quot;crossOrigin&quot;:1},&quot;Rq90d&quot;:{&quot;type&quot;:&quot;css&quot;,&quot;src&quot;:&quot;https:\/\/fbstatic-a.akamaihd.net\/rsrc.php\/v3\/yq\/r\/krdi4Tg_mAy.css&quot;,&quot;permanent&quot;:1,&quot;crossOrigin&quot;:1},&quot;NGl7Q&quot;:{&quot;type&quot;:&quot;js&quot;,&quot;src&quot;:&quot;https:\/\/fbstatic-a.akamaihd.net\/rsrc.php\/v3iqaD4\/yd\/l\/en_GB\/9cabPQ2Mm3a.js&quot;,&quot;crossOrigin&quot;:1},&quot;VdNG1&quot;:{&quot;type&quot;:&quot;js&quot;,&quot;src&quot;:&quot;https:\/\/fbstatic-a.akamaihd.net\/rsrc.php\/v3\/yY\/r\/3k5vuUMsPb9.js&quot;,&quot;crossOrigin&quot;:1},&quot;VVjXA&quot;:{&quot;type&quot;:&quot;js&quot;,&quot;src&quot;:&quot;https:\/\/fbstatic-a.akamaihd.net\/rsrc.php\/v3\/yv\/r\/gxSZEMOdCcT.js&quot;,&quot;crossOrigin&quot;:1},&quot;N19N\/&quot;:{&quot;type&quot;:&quot;css&quot;,&quot;src&quot;:&quot;https:\/\/fbstatic-a.akamaihd.net\/rsrc.php\/v3\/yR\/r\/qUtlTHm-xR4.css&quot;,&quot;permanent&quot;:1,&quot;crossOrigin&quot;:1},&quot;HVS+j&quot;:{&quot;type&quot;:&quot;js&quot;,&quot;src&quot;:&quot;https:\/\/fbstatic-a.akamaihd.net\/rsrc.php\/v3i2yW4\/y-\/l\/en_GB\/mhMuV3ekk-_.js&quot;,&quot;crossOrigin&quot;:1},&quot;15vxi&quot;:{&quot;type&quot;:&quot;js&quot;,&quot;src&quot;:&quot;https:\/\/fbstatic-a.akamaihd.net\/rsrc.php\/v3ib_V4\/yy\/l\/en_GB\/6rU1Q-Ydnv4.js&quot;,&quot;crossOrigin&quot;:1},&quot;1Gued&quot;:{&quot;type&quot;:&quot;css&quot;,&quot;src&quot;:&quot;https:\/\/fbstatic-a.akamaihd.net\/rsrc.php\/v3\/yE\/r\/Aln1Tb2onzq.css&quot;,&quot;crossOrigin&quot;:1},&quot;PfISf&quot;:{&quot;type&quot;:&quot;js&quot;,&quot;src&quot;:&quot;https:\/\/fbstatic-a.akamaihd.net\/rsrc.php\/v3i_zb4\/y4\/l\/en_GB\/D7MPV39B-rL.js&quot;,&quot;crossOrigin&quot;:1},&quot;pI7AA&quot;:{&quot;type&quot;:&quot;css&quot;,&quot;src&quot;:&quot;https:\/\/fbstatic-a.akamaihd.net\/rsrc.php\/v3\/y4\/r\/78SF-tuzC-s.css&quot;,&quot;crossOrigin&quot;:1},&quot;0Qz\/x&quot;:{&quot;type&quot;:&quot;js&quot;,&quot;src&quot;:&quot;https:\/\/fbstatic-a.akamaihd.net\/rsrc.php\/v3\/yi\/r\/PmIa-N9xJlu.js&quot;,&quot;crossOrigin&quot;:1},&quot;Hnz7V&quot;:{&quot;type&quot;:&quot;js&quot;,&quot;src&quot;:&quot;https:\/\/fbstatic-a.akamaihd.net\/rsrc.php\/v3ikLT4\/yn\/l\/en_GB\/NeY03EV1E8X.js&quot;,&quot;crossOrigin&quot;:1},&quot;XEiWC&quot;:{&quot;type&quot;:&quot;js&quot;,&quot;src&quot;:&quot;https:\/\/fbstatic-a.akamaihd.net\/rsrc.php\/v3\/yd\/r\/N7-C_4AL_7Q.js&quot;,&quot;crossOrigin&quot;:1},&quot;8Q0JP&quot;:{&quot;type&quot;:&quot;css&quot;,&quot;src&quot;:&quot;https:\/\/fbstatic-a.akamaihd.net\/rsrc.php\/v3\/yA\/r\/gMUCCIEts-g.css&quot;,&quot;permanent&quot;:1,&quot;crossOrigin&quot;:1},&quot;V4APi&quot;:{&quot;type&quot;:&quot;js&quot;,&quot;src&quot;:&quot;https:\/\/fbstatic-a.akamaihd.net\/rsrc.php\/v3i4IH4\/ye\/l\/en_GB\/CWx30kXEgwa.js&quot;,&quot;crossOrigin&quot;:1},&quot;LY13N&quot;:{&quot;type&quot;:&quot;js&quot;,&quot;src&quot;:&quot;https:\/\/fbstatic-a.akamaihd.net\/rsrc.php\/v3\/yi\/r\/NINSDmE0T3G.js&quot;,&quot;crossOrigin&quot;:1},&quot;+g5ut&quot;:{&quot;type&quot;:&quot;js&quot;,&quot;src&quot;:&quot;https:\/\/fbstatic-a.akamaihd.net\/rsrc.php\/v3imgv4\/y9\/l\/en_GB\/umGzRUEQftI.js&quot;,&quot;crossOrigin&quot;:1},&quot;Aiva1&quot;:{&quot;type&quot;:&quot;js&quot;,&quot;src&quot;:&quot;https:\/\/fbstatic-a.akamaihd.net\/rsrc.php\/v3\/yr\/r\/gJtFatM98Jz.js&quot;,&quot;crossOrigin&quot;:1},&quot;vz9x8&quot;:{&quot;type&quot;:&quot;css&quot;,&quot;src&quot;:&quot;https:\/\/fbstatic-a.akamaihd.net\/rsrc.php\/v3\/yz\/r\/AfKgp_RLDuy.css&quot;,&quot;permanent&quot;:1,&quot;crossOrigin&quot;:1},&quot;8aeA9&quot;:{&quot;type&quot;:&quot;js&quot;,&quot;src&quot;:&quot;https:\/\/fbstatic-a.akamaihd.net\/rsrc.php\/v3\/ys\/r\/2Ur9UjPtylA.js&quot;,&quot;crossOrigin&quot;:1},&quot;IpY64&quot;:{&quot;type&quot;:&quot;js&quot;,&quot;src&quot;:&quot;https:\/\/fbstatic-a.akamaihd.net\/rsrc.php\/v3iiiL4\/yN\/l\/en_GB\/h7PGWcMW0Pm.js&quot;,&quot;crossOrigin&quot;:1},&quot;mZu06&quot;:{&quot;type&quot;:&quot;js&quot;,&quot;src&quot;:&quot;https:\/\/fbstatic-a.akamaihd.net\/rsrc.php\/v3iLzi4\/yV\/l\/en_GB\/3gS6InG18-C.js&quot;,&quot;crossOrigin&quot;:1},&quot;BDQ0T&quot;:{&quot;type&quot;:&quot;css&quot;,&quot;src&quot;:&quot;https:\/\/fbstatic-a.akamaihd.net\/rsrc.php\/v3\/yk\/r\/nueZ75P_3Ym.css&quot;,&quot;permanent&quot;:1,&quot;crossOrigin&quot;:1},&quot;P9\/0T&quot;:{&quot;type&quot;:&quot;js&quot;,&quot;src&quot;:&quot;https:\/\/fbstatic-a.akamaihd.net\/rsrc.php\/v3\/yj\/r\/V3sYMIpKCkH.js&quot;,&quot;crossOrigin&quot;:1},&quot;8xp\/K&quot;:{&quot;type&quot;:&quot;css&quot;,&quot;src&quot;:&quot;https:\/\/fbstatic-a.akamaihd.net\/rsrc.php\/v3\/y0\/r\/cgN0PSzQKxz.css&quot;,&quot;crossOrigin&quot;:1},&quot;tRXKX&quot;:{&quot;type&quot;:&quot;js&quot;,&quot;src&quot;:&quot;https:\/\/fbstatic-a.akamaihd.net\/rsrc.php\/v3if3Y4\/yt\/l\/en_GB\/a9fw4I2Rq7Y.js&quot;,&quot;crossOrigin&quot;:1},&quot;s4Kjt&quot;:{&quot;type&quot;:&quot;js&quot;,&quot;src&quot;:&quot;https:\/\/fbstatic-a.akamaihd.net\/rsrc.php\/v3\/yK\/r\/WzRPQ6N2F-u.js&quot;,&quot;crossOrigin&quot;:1},&quot;Gtby1&quot;:{&quot;type&quot;:&quot;js&quot;,&quot;src&quot;:&quot;https:\/\/fbstatic-a.akamaihd.net\/rsrc.php\/v3\/yn\/r\/iJ5QtBFHN-c.js&quot;,&quot;crossOrigin&quot;:1},&quot;olGeN&quot;:{&quot;type&quot;:&quot;css&quot;,&quot;src&quot;:&quot;https:\/\/fbstatic-a.akamaihd.net\/rsrc.php\/v3\/yH\/r\/qG2FR7KJawW.css&quot;,&quot;crossOrigin&quot;:1},&quot;jm6DP&quot;:{&quot;type&quot;:&quot;js&quot;,&quot;src&quot;:&quot;https:\/\/fbstatic-a.akamaihd.net\/rsrc.php\/v3i2FC4\/yf\/l\/en_GB\/IxnT_JkmkjW.js&quot;,&quot;crossOrigin&quot;:1},&quot;LTOMU&quot;:{&quot;type&quot;:&quot;js&quot;,&quot;src&quot;:&quot;https:\/\/fbstatic-a.akamaihd.net\/rsrc.php\/v3iX4f4\/yU\/l\/en_GB\/tCZCd507vk8.js&quot;,&quot;crossOrigin&quot;:1},&quot;fYK4u&quot;:{&quot;type&quot;:&quot;js&quot;,&quot;src&quot;:&quot;https:\/\/fbstatic-a.akamaihd.net\/rsrc.php\/v3\/yO\/r\/G1ER-XUFYw8.js&quot;,&quot;crossOrigin&quot;:1},&quot;QmbRE&quot;:{&quot;type&quot;:&quot;js&quot;,&quot;src&quot;:&quot;https:\/\/fbstatic-a.akamaihd.net\/rsrc.php\/v3\/yt\/r\/TBItHJGxd2j.js&quot;,&quot;crossOrigin&quot;:1},&quot;XCq3j&quot;:{&quot;type&quot;:&quot;js&quot;,&quot;src&quot;:&quot;https:\/\/fbstatic-a.akamaihd.net\/rsrc.php\/v3\/yr\/r\/irtczbDjaA4.js&quot;,&quot;crossOrigin&quot;:1},&quot;krylL&quot;:{&quot;type&quot;:&quot;js&quot;,&quot;src&quot;:&quot;https:\/\/fbstatic-a.akamaihd.net\/rsrc.php\/v3\/yn\/r\/P91gIlgHnZ9.js&quot;,&quot;crossOrigin&quot;:1},&quot;VlKZQ&quot;:{&quot;type&quot;:&quot;js&quot;,&quot;src&quot;:&quot;https:\/\/fbstatic-a.akamaihd.net\/rsrc.php\/v3\/yh\/r\/LnVBaGHdKwZ.js&quot;,&quot;crossOrigin&quot;:1},&quot;HyFoJ&quot;:{&quot;type&quot;:&quot;js&quot;,&quot;src&quot;:&quot;https:\/\/fbstatic-a.akamaihd.net\/rsrc.php\/v3\/yh\/r\/vP1_4mAw2SP.js&quot;,&quot;crossOrigin&quot;:1},&quot;WK+2z&quot;:{&quot;type&quot;:&quot;js&quot;,&quot;src&quot;:&quot;https:\/\/fbstatic-a.akamaihd.net\/rsrc.php\/v3\/ye\/r\/dKswCcAefjr.js&quot;,&quot;crossOrigin&quot;:1},&quot;0rdkb&quot;:{&quot;type&quot;:&quot;css&quot;,&quot;src&quot;:&quot;https:\/\/fbstatic-a.akamaihd.net\/rsrc.php\/v3\/yb\/r\/7tfF9DtOnlS.css&quot;,&quot;crossOrigin&quot;:1},&quot;WMugu&quot;:{&quot;type&quot;:&quot;js&quot;,&quot;src&quot;:&quot;https:\/\/fbstatic-a.akamaihd.net\/rsrc.php\/v3iCAf4\/yn\/l\/en_GB\/lEtQpHbPaSc.js&quot;,&quot;crossOrigin&quot;:1},&quot;0NFR9&quot;:{&quot;type&quot;:&quot;js&quot;,&quot;src&quot;:&quot;https:\/\/fbstatic-a.akamaihd.net\/rsrc.php\/v3\/yh\/r\/kM5WvPXpcD3.js&quot;,&quot;crossOrigin&quot;:1},&quot;9Id2k&quot;:{&quot;type&quot;:&quot;js&quot;,&quot;src&quot;:&quot;https:\/\/fbstatic-a.akamaihd.net\/rsrc.php\/v3\/y1\/r\/fFlIBY2i4gY.js&quot;,&quot;crossOrigin&quot;:1},&quot;QJqTT&quot;:{&quot;type&quot;:&quot;js&quot;,&quot;src&quot;:&quot;https:\/\/fbstatic-a.akamaihd.net\/rsrc.php\/v3iBqk4\/yS\/l\/en_GB\/5XMvYsp1rWI.js&quot;,&quot;crossOrigin&quot;:1},&quot;073RM&quot;:{&quot;type&quot;:&quot;js&quot;,&quot;src&quot;:&quot;https:\/\/fbstatic-a.akamaihd.net\/rsrc.php\/v3\/yG\/r\/Lpoyi4m31IF.js&quot;,&quot;crossOrigin&quot;:1},&quot;s5nED&quot;:{&quot;type&quot;:&quot;js&quot;,&quot;src&quot;:&quot;https:\/\/fbstatic-a.akamaihd.net\/rsrc.php\/v3\/yo\/r\/OlfE3npOFEq.js&quot;,&quot;crossOrigin&quot;:1},&quot;uhPt8&quot;:{&quot;type&quot;:&quot;js&quot;,&quot;src&quot;:&quot;https:\/\/fbstatic-a.akamaihd.net\/rsrc.php\/v3\/y5\/r\/wIcv4y9sL0E.js&quot;,&quot;crossOrigin&quot;:1},&quot;tzUps&quot;:{&quot;type&quot;:&quot;js&quot;,&quot;src&quot;:&quot;https:\/\/fbstatic-a.akamaihd.net\/rsrc.php\/v3iPpv4\/yG\/l\/en_GB\/jXiYLGFcj7E.js&quot;,&quot;crossOrigin&quot;:1},&quot;yZc\/q&quot;:{&quot;type&quot;:&quot;js&quot;,&quot;src&quot;:&quot;https:\/\/fbstatic-a.akamaihd.net\/rsrc.php\/v3\/yW\/r\/aFGGZhIXfUR.js&quot;,&quot;crossOrigin&quot;:1},&quot;Yr4tN&quot;:{&quot;type&quot;:&quot;js&quot;,&quot;src&quot;:&quot;https:\/\/fbstatic-a.akamaihd.net\/rsrc.php\/v3\/yF\/r\/mACuR2rC6zs.js&quot;,&quot;crossOrigin&quot;:1},&quot;+AepS&quot;:{&quot;type&quot;:&quot;css&quot;,&quot;src&quot;:&quot;https:\/\/fbstatic-a.akamaihd.net\/rsrc.php\/v3\/ye\/r\/45d0S6bEBJx.css&quot;,&quot;crossOrigin&quot;:1},&quot;HFiBb&quot;:{&quot;type&quot;:&quot;js&quot;,&quot;src&quot;:&quot;https:\/\/fbstatic-a.akamaihd.net\/rsrc.php\/v3\/yd\/r\/NIOJfx_aw2n.js&quot;,&quot;crossOrigin&quot;:1},&quot;88HWy&quot;:{&quot;type&quot;:&quot;css&quot;,&quot;src&quot;:&quot;https:\/\/fbstatic-a.akamaihd.net\/rsrc.php\/v3\/yI\/r\/SRA4j2kLAmb.css&quot;,&quot;crossOrigin&quot;:1},&quot;aD6RA&quot;:{&quot;type&quot;:&quot;js&quot;,&quot;src&quot;:&quot;https:\/\/fbstatic-a.akamaihd.net\/rsrc.php\/v3i1sQ4\/yk\/l\/en_GB\/IM1yJASXEMd.js&quot;,&quot;crossOrigin&quot;:1},&quot;vJKWr&quot;:{&quot;type&quot;:&quot;css&quot;,&quot;src&quot;:&quot;https:\/\/fbstatic-a.akamaihd.net\/rsrc.php\/v3\/y3\/r\/rgbbCsZKFCq.css&quot;,&quot;crossOrigin&quot;:1},&quot;BHpnP&quot;:{&quot;type&quot;:&quot;css&quot;,&quot;src&quot;:&quot;https:\/\/fbstatic-a.akamaihd.net\/rsrc.php\/v3\/yb\/r\/NblZNBCa5RH.css&quot;,&quot;crossOrigin&quot;:1},&quot;rbh++&quot;:{&quot;type&quot;:&quot;js&quot;,&quot;src&quot;:&quot;https:\/\/fbstatic-a.akamaihd.net\/rsrc.php\/v3i5MT4\/yD\/l\/en_GB\/tENZdrcmpdm.js&quot;,&quot;crossOrigin&quot;:1},&quot;BWUgz&quot;:{&quot;type&quot;:&quot;css&quot;,&quot;src&quot;:&quot;https:\/\/fbstatic-a.akamaihd.net\/rsrc.php\/v3\/yu\/r\/Ps2bJXcFYzD.css&quot;,&quot;crossOrigin&quot;:1},&quot;EL844&quot;:{&quot;type&quot;:&quot;js&quot;,&quot;src&quot;:&quot;https:\/\/fbstatic-a.akamaihd.net\/rsrc.php\/v3ig034\/yP\/l\/en_GB\/sHf4kmxaRs6.js&quot;,&quot;crossOrigin&quot;:1},&quot;Bq1Oh&quot;:{&quot;type&quot;:&quot;css&quot;,&quot;src&quot;:&quot;https:\/\/fbstatic-a.akamaihd.net\/rsrc.php\/v3\/y0\/r\/ussHstT_bs2.css&quot;,&quot;crossOrigin&quot;:1},&quot;jUWOI&quot;:{&quot;type&quot;:&quot;js&quot;,&quot;src&quot;:&quot;https:\/\/fbstatic-a.akamaihd.net\/rsrc.php\/v3\/yb\/r\/9vDyiyw01bN.js&quot;,&quot;crossOrigin&quot;:1},&quot;2azk8&quot;:{&quot;type&quot;:&quot;js&quot;,&quot;src&quot;:&quot;https:\/\/fbstatic-a.akamaihd.net\/rsrc.php\/v3\/yV\/r\/18moU0WsiMT.js&quot;,&quot;crossOrigin&quot;:1},&quot;8ZOng&quot;:{&quot;type&quot;:&quot;js&quot;,&quot;src&quot;:&quot;https:\/\/fbstatic-a.akamaihd.net\/rsrc.php\/v3\/y9\/r\/VC9o1uHKKo_.js&quot;,&quot;crossOrigin&quot;:1},&quot;ue4u5&quot;:{&quot;type&quot;:&quot;css&quot;,&quot;src&quot;:&quot;https:\/\/fbstatic-a.akamaihd.net\/rsrc.php\/v3\/yu\/r\/IjHnnFW4ds2.css&quot;,&quot;permanent&quot;:1,&quot;crossOrigin&quot;:1},&quot;kn9pk&quot;:{&quot;type&quot;:&quot;js&quot;,&quot;src&quot;:&quot;https:\/\/fbstatic-a.akamaihd.net\/rsrc.php\/v3iJ0Y4\/yN\/l\/en_GB\/qOrrWVVRYdq.js&quot;,&quot;crossOrigin&quot;:1},&quot;GavI7&quot;:{&quot;type&quot;:&quot;js&quot;,&quot;src&quot;:&quot;https:\/\/fbstatic-a.akamaihd.net\/rsrc.php\/v3iI1x4\/yR\/l\/en_GB\/-ABIjLpxw_p.js&quot;,&quot;crossOrigin&quot;:1},&quot;v3+43&quot;:{&quot;type&quot;:&quot;js&quot;,&quot;src&quot;:&quot;https:\/\/fbstatic-a.akamaihd.net\/rsrc.php\/v3\/y4\/r\/PK97cHbhCVR.js&quot;,&quot;crossOrigin&quot;:1},&quot;rSdpp&quot;:{&quot;type&quot;:&quot;js&quot;,&quot;src&quot;:&quot;https:\/\/fbstatic-a.akamaihd.net\/rsrc.php\/v3\/yM\/r\/lByCgd4QJPD.js&quot;,&quot;crossOrigin&quot;:1},&quot;cgke2&quot;:{&quot;type&quot;:&quot;js&quot;,&quot;src&quot;:&quot;https:\/\/fbstatic-a.akamaihd.net\/rsrc.php\/v3\/yY\/r\/4391uIa3Zjl.js&quot;,&quot;crossOrigin&quot;:1},&quot;sC1yA&quot;:{&quot;type&quot;:&quot;js&quot;,&quot;src&quot;:&quot;https:\/\/fbstatic-a.akamaihd.net\/rsrc.php\/v3iOmB4\/yX\/l\/en_GB\/kMQ-f0LRTd-.js&quot;,&quot;crossOrigin&quot;:1},&quot;1Cg9i&quot;:{&quot;type&quot;:&quot;js&quot;,&quot;src&quot;:&quot;https:\/\/fbstatic-a.akamaihd.net\/rsrc.php\/v3\/yn\/r\/W_mPm40IPDg.js&quot;,&quot;crossOrigin&quot;:1},&quot;3+OZb&quot;:{&quot;type&quot;:&quot;js&quot;,&quot;src&quot;:&quot;https:\/\/fbstatic-a.akamaihd.net\/rsrc.php\/v3\/yH\/r\/ahQ0eCZ--ZF.js&quot;,&quot;crossOrigin&quot;:1},&quot;zyFOp&quot;:{&quot;type&quot;:&quot;js&quot;,&quot;src&quot;:&quot;https:\/\/fbstatic-a.akamaihd.net\/rsrc.php\/v3\/yr\/r\/b4lU7m6-h3j.js&quot;,&quot;crossOrigin&quot;:1},&quot;6AU0l&quot;:{&quot;type&quot;:&quot;js&quot;,&quot;src&quot;:&quot;https:\/\/fbstatic-a.akamaihd.net\/rsrc.php\/v3i9By4\/yg\/l\/en_GB\/GRzo9409MOA.js&quot;,&quot;crossOrigin&quot;:1},&quot;VDymv&quot;:{&quot;type&quot;:&quot;css&quot;,&quot;src&quot;:&quot;https:\/\/fbstatic-a.akamaihd.net\/rsrc.php\/v3\/ym\/r\/vfyTLT62WoX.css&quot;,&quot;permanent&quot;:1,&quot;crossOrigin&quot;:1},&quot;\/TZRz&quot;:{&quot;type&quot;:&quot;css&quot;,&quot;src&quot;:&quot;https:\/\/fbstatic-a.akamaihd.net\/rsrc.php\/v3\/y1\/r\/OJnJnRsTNHm.css&quot;,&quot;permanent&quot;:1,&quot;crossOrigin&quot;:1}});if (true) {Bootloader.enableBootload({&quot;AsyncSignal&quot;:{&quot;resources&quot;:[&quot;z4Q+C&quot;,&quot;rnx9z&quot;],&quot;module&quot;:1},&quot;XLinkshimLogController&quot;:{&quot;resources&quot;:[&quot;rnx9z&quot;,&quot;oeUXN&quot;],&quot;module&quot;:1},&quot;ExceptionDialog&quot;:{&quot;resources&quot;:[&quot;rnx9z&quot;,&quot;zfCPQ&quot;,&quot;z4Q+C&quot;,&quot;iUf8u&quot;,&quot;h1eXN&quot;,&quot;KbsEc&quot;,&quot;OUmlD&quot;,&quot;31rsh&quot;,&quot;HxN4u&quot;],&quot;module&quot;:1},&quot;React&quot;:{&quot;resources&quot;:[&quot;KbsEc&quot;,&quot;rnx9z&quot;,&quot;z4Q+C&quot;],&quot;module&quot;:1},&quot;AsyncDOM&quot;:{&quot;resources&quot;:[&quot;z4Q+C&quot;,&quot;rnx9z&quot;,&quot;d25Q1&quot;],&quot;module&quot;:1},&quot;ConfirmationDialog&quot;:{&quot;resources&quot;:[&quot;z4Q+C&quot;,&quot;rnx9z&quot;,&quot;oE4Do&quot;],&quot;module&quot;:1},&quot;Dialog&quot;:{&quot;resources&quot;:[&quot;rnx9z&quot;,&quot;z4Q+C&quot;,&quot;zfCPQ&quot;,&quot;h1eXN&quot;,&quot;WzuFo&quot;,&quot;gHZav&quot;],&quot;module&quot;:1},&quot;QuickSandSolver&quot;:{&quot;resources&quot;:[&quot;rnx9z&quot;,&quot;z4Q+C&quot;,&quot;ccpBO&quot;,&quot;Pszbx&quot;],&quot;module&quot;:1},&quot;ErrorSignal&quot;:{&quot;resources&quot;:[&quot;rnx9z&quot;,&quot;z4Q+C&quot;,&quot;ROaSr&quot;],&quot;module&quot;:1},&quot;ReactDOM&quot;:{&quot;resources&quot;:[&quot;KbsEc&quot;,&quot;rnx9z&quot;,&quot;z4Q+C&quot;],&quot;module&quot;:1},&quot;TimeSliceHelper&quot;:{&quot;resources&quot;:[&quot;rnx9z&quot;,&quot;KbsEc&quot;,&quot;z4Q+C&quot;,&quot;BnIxf&quot;],&quot;module&quot;:1},&quot;Animation&quot;:{&quot;resources&quot;:[&quot;rnx9z&quot;,&quot;z4Q+C&quot;,&quot;zfCPQ&quot;],&quot;module&quot;:1},&quot;AsyncDialog&quot;:{&quot;resources&quot;:[&quot;rnx9z&quot;,&quot;z4Q+C&quot;,&quot;zfCPQ&quot;,&quot;iUf8u&quot;,&quot;h1eXN&quot;,&quot;KbsEc&quot;],&quot;module&quot;:1},&quot;AsyncRequest&quot;:{&quot;resources&quot;:[&quot;rnx9z&quot;,&quot;z4Q+C&quot;],&quot;module&quot;:1},&quot;FormSubmit&quot;:{&quot;resources&quot;:[&quot;rnx9z&quot;,&quot;z4Q+C&quot;,&quot;W7JZ8&quot;],&quot;module&quot;:1},&quot;DialogX&quot;:{&quot;resources&quot;:[&quot;rnx9z&quot;,&quot;zfCPQ&quot;,&quot;z4Q+C&quot;,&quot;iUf8u&quot;,&quot;h1eXN&quot;],&quot;module&quot;:1},&quot;XUIDialogBody.react&quot;:{&quot;resources&quot;:[&quot;KbsEc&quot;,&quot;rnx9z&quot;,&quot;z4Q+C&quot;,&quot;iUf8u&quot;,&quot;h1eXN&quot;,&quot;OUmlD&quot;],&quot;module&quot;:1},&quot;XUIDialogButton.react&quot;:{&quot;resources&quot;:[&quot;KbsEc&quot;,&quot;rnx9z&quot;,&quot;z4Q+C&quot;,&quot;iUf8u&quot;,&quot;zfCPQ&quot;],&quot;module&quot;:1},&quot;XUIDialogFooter.react&quot;:{&quot;resources&quot;:[&quot;KbsEc&quot;,&quot;rnx9z&quot;,&quot;z4Q+C&quot;,&quot;iUf8u&quot;,&quot;h1eXN&quot;,&quot;zfCPQ&quot;,&quot;OUmlD&quot;],&quot;module&quot;:1},&quot;XUIDialogTitle.react&quot;:{&quot;resources&quot;:[&quot;KbsEc&quot;,&quot;rnx9z&quot;,&quot;z4Q+C&quot;,&quot;iUf8u&quot;,&quot;h1eXN&quot;,&quot;zfCPQ&quot;],&quot;module&quot;:1},&quot;XUIGrayText.react&quot;:{&quot;resources&quot;:[&quot;KbsEc&quot;,&quot;rnx9z&quot;,&quot;z4Q+C&quot;,&quot;iUf8u&quot;],&quot;module&quot;:1},&quot;PageTransitions&quot;:{&quot;resources&quot;:[&quot;z4Q+C&quot;,&quot;rnx9z&quot;,&quot;iUf8u&quot;,&quot;zfCPQ&quot;,&quot;Rpr16&quot;,&quot;h1eXN&quot;,&quot;KbsEc&quot;],&quot;module&quot;:1},&quot;Hovercard&quot;:{&quot;resources&quot;:[&quot;z4Q+C&quot;,&quot;rnx9z&quot;,&quot;asyQb&quot;,&quot;h1eXN&quot;,&quot;zfCPQ&quot;,&quot;U1FNf&quot;,&quot;OUmlD&quot;,&quot;pxUXG&quot;],&quot;module&quot;:1},&quot;EncryptedImg&quot;:{&quot;resources&quot;:[&quot;rnx9z&quot;,&quot;iUf8u&quot;,&quot;UBFtS&quot;],&quot;module&quot;:1},&quot;AsyncResponse&quot;:{&quot;resources&quot;:[&quot;rnx9z&quot;],&quot;module&quot;:1},&quot;Live&quot;:{&quot;resources&quot;:[&quot;z4Q+C&quot;,&quot;rnx9z&quot;,&quot;d25Q1&quot;,&quot;iUf8u&quot;],&quot;module&quot;:1},&quot;PhotoInlineEditor&quot;:{&quot;resources&quot;:[&quot;z4Q+C&quot;,&quot;rnx9z&quot;,&quot;Nqvia&quot;,&quot;W7JZ8&quot;,&quot;h1eXN&quot;,&quot;SrenX&quot;,&quot;iUf8u&quot;,&quot;nI511&quot;,&quot;oj8WF&quot;,&quot;7unvu&quot;],&quot;module&quot;:1},&quot;PhotoTagApproval&quot;:{&quot;resources&quot;:[&quot;z4Q+C&quot;,&quot;rnx9z&quot;,&quot;Nqvia&quot;,&quot;vuqxt&quot;],&quot;module&quot;:1},&quot;CompactTypeaheadRenderer&quot;:{&quot;resources&quot;:[&quot;z4Q+C&quot;,&quot;rnx9z&quot;,&quot;h1eXN&quot;,&quot;iUf8u&quot;,&quot;+7uI\/&quot;,&quot;nI511&quot;,&quot;oa483&quot;],&quot;module&quot;:1},&quot;ContextualTypeaheadView&quot;:{&quot;resources&quot;:[&quot;z4Q+C&quot;,&quot;rnx9z&quot;,&quot;h1eXN&quot;,&quot;iUf8u&quot;,&quot;nI511&quot;,&quot;TVeTC&quot;,&quot;SrenX&quot;,&quot;zfCPQ&quot;],&quot;module&quot;:1},&quot;InputSelection&quot;:{&quot;resources&quot;:[&quot;z4Q+C&quot;,&quot;rnx9z&quot;,&quot;zfCPQ&quot;],&quot;module&quot;:1},&quot;HashtagParser&quot;:{&quot;resources&quot;:[&quot;TVeTC&quot;,&quot;cyI2B&quot;,&quot;uck9V&quot;],&quot;module&quot;:1},&quot;MentionsInput&quot;:{&quot;resources&quot;:[&quot;rnx9z&quot;,&quot;z4Q+C&quot;,&quot;Pszbx&quot;,&quot;zfCPQ&quot;,&quot;Z7w5z&quot;,&quot;iUf8u&quot;,&quot;PpwzV&quot;],&quot;module&quot;:1},&quot;TextAreaControl&quot;:{&quot;resources&quot;:[&quot;rnx9z&quot;,&quot;W7JZ8&quot;,&quot;z4Q+C&quot;],&quot;module&quot;:1},&quot;Typeahead&quot;:{&quot;resources&quot;:[&quot;rnx9z&quot;,&quot;z4Q+C&quot;,&quot;nI511&quot;,&quot;TVeTC&quot;],&quot;module&quot;:1},&quot;TypeaheadAreaCore&quot;:{&quot;resources&quot;:[&quot;z4Q+C&quot;,&quot;rnx9z&quot;,&quot;zfCPQ&quot;,&quot;W7JZ8&quot;,&quot;h1eXN&quot;,&quot;SrenX&quot;,&quot;Z7w5z&quot;],&quot;module&quot;:1},&quot;TypeaheadBestName&quot;:{&quot;resources&quot;:[&quot;iUf8u&quot;,&quot;Z7w5z&quot;],&quot;module&quot;:1},&quot;TypeaheadHoistFriends&quot;:{&quot;resources&quot;:[&quot;Z7w5z&quot;],&quot;module&quot;:1},&quot;TypeaheadMetrics&quot;:{&quot;resources&quot;:[&quot;rnx9z&quot;,&quot;z4Q+C&quot;,&quot;GkBDu&quot;,&quot;Z7w5z&quot;],&quot;module&quot;:1},&quot;TypeaheadMetricsX&quot;:{&quot;resources&quot;:[&quot;rnx9z&quot;,&quot;z4Q+C&quot;,&quot;GkBDu&quot;,&quot;qfzTq&quot;],&quot;module&quot;:1},&quot;TypingDetector&quot;:{&quot;resources&quot;:[&quot;rnx9z&quot;,&quot;YswZ9&quot;,&quot;KFfuI&quot;],&quot;module&quot;:1},&quot;UFIComments&quot;:{&quot;resources&quot;:[&quot;iUf8u&quot;,&quot;+7uI\/&quot;,&quot;z4Q+C&quot;,&quot;rnx9z&quot;,&quot;KZ41\/&quot;,&quot;VAm4o&quot;],&quot;module&quot;:1},&quot;UFIAddCommentLiveTypingPublisher&quot;:{&quot;resources&quot;:[&quot;iUf8u&quot;,&quot;rnx9z&quot;,&quot;VAm4o&quot;,&quot;typPq&quot;,&quot;z4Q+C&quot;],&quot;module&quot;:1},&quot;UFIUploader&quot;:{&quot;resources&quot;:[&quot;rnx9z&quot;,&quot;z4Q+C&quot;,&quot;iUf8u&quot;,&quot;hhxzt&quot;,&quot;h1eXN&quot;,&quot;zs32t&quot;,&quot;gHZav&quot;,&quot;mx0gl&quot;,&quot;31rsh&quot;,&quot;E\/lai&quot;,&quot;Axext&quot;,&quot;GKJFd&quot;,&quot;zfCPQ&quot;,&quot;WzuFo&quot;,&quot;aAFGu&quot;,&quot;Cfe2h&quot;,&quot;wE\/xn&quot;],&quot;module&quot;:1},&quot;ScrollableArea&quot;:{&quot;resources&quot;:[&quot;rnx9z&quot;,&quot;z4Q+C&quot;,&quot;iUf8u&quot;,&quot;h1eXN&quot;],&quot;module&quot;:1},&quot;XUIErrorDialogImpl&quot;:{&quot;resources&quot;:[&quot;z4Q+C&quot;,&quot;rnx9z&quot;,&quot;asyQb&quot;,&quot;h1eXN&quot;,&quot;zfCPQ&quot;,&quot;2pvUV&quot;],&quot;module&quot;:1},&quot;ChatContentSearchFlyout.react&quot;:{&quot;resources&quot;:[&quot;rnx9z&quot;,&quot;z4Q+C&quot;,&quot;gMZ8j&quot;,&quot;faAFT&quot;,&quot;xPJz9&quot;,&quot;iUf8u&quot;,&quot;KbsEc&quot;,&quot;q4UA4&quot;,&quot;8c2RR&quot;,&quot;nRbdM&quot;,&quot;znBGP&quot;,&quot;KZ41\/&quot;,&quot;h1eXN&quot;,&quot;+7uI\/&quot;,&quot;T3t7s&quot;,&quot;MvwB8&quot;,&quot;trVCh&quot;,&quot;j2zyN&quot;,&quot;KFfuI&quot;,&quot;zfCPQ&quot;,&quot;MYFW3&quot;,&quot;c6oS1&quot;,&quot;j+iuk&quot;],&quot;module&quot;:1},&quot;ContextualLayerAutoFlip&quot;:{&quot;resources&quot;:[&quot;rnx9z&quot;,&quot;zfCPQ&quot;],&quot;module&quot;:1},&quot;XUIContextualDialog.react&quot;:{&quot;resources&quot;:[&quot;h1eXN&quot;,&quot;rnx9z&quot;,&quot;asyQb&quot;,&quot;KbsEc&quot;,&quot;z4Q+C&quot;,&quot;zfCPQ&quot;,&quot;iUf8u&quot;],&quot;module&quot;:1},&quot;RelayRootContainer&quot;:{&quot;resources&quot;:[&quot;KbsEc&quot;,&quot;rnx9z&quot;,&quot;z4Q+C&quot;,&quot;xp5dx&quot;,&quot;iUf8u&quot;,&quot;TVeTC&quot;,&quot;zfCPQ&quot;,&quot;31rsh&quot;],&quot;module&quot;:1},&quot;StickersStore.react&quot;:{&quot;resources&quot;:[&quot;rnx9z&quot;,&quot;iUf8u&quot;,&quot;KbsEc&quot;,&quot;z4Q+C&quot;,&quot;xp5dx&quot;,&quot;31rsh&quot;,&quot;zfCPQ&quot;,&quot;TVeTC&quot;,&quot;h1eXN&quot;,&quot;+7uI\/&quot;,&quot;rUH02&quot;,&quot;c6yOo&quot;,&quot;KFfuI&quot;,&quot;C0RM0&quot;,&quot;EJprH&quot;,&quot;WzuFo&quot;,&quot;KZ41\/&quot;,&quot;622TF&quot;,&quot;wnUmy&quot;,&quot;zxk62&quot;],&quot;module&quot;:1},&quot;StickersStorePackDetailRoute&quot;:{&quot;resources&quot;:[&quot;xp5dx&quot;,&quot;KbsEc&quot;,&quot;rnx9z&quot;,&quot;z4Q+C&quot;,&quot;c6yOo&quot;],&quot;module&quot;:1},&quot;StickersStorePackListRoute&quot;:{&quot;resources&quot;:[&quot;xp5dx&quot;,&quot;KbsEc&quot;,&quot;rnx9z&quot;,&quot;z4Q+C&quot;,&quot;c6yOo&quot;],&quot;module&quot;:1},&quot;StickersFlyout.react&quot;:{&quot;resources&quot;:[&quot;rnx9z&quot;,&quot;KbsEc&quot;,&quot;z4Q+C&quot;,&quot;iUf8u&quot;,&quot;EJprH&quot;,&quot;+7uI\/&quot;,&quot;oa483&quot;,&quot;KZ41\/&quot;,&quot;xp5dx&quot;,&quot;TVeTC&quot;,&quot;zfCPQ&quot;,&quot;31rsh&quot;,&quot;MoJTr&quot;,&quot;KFfuI&quot;,&quot;h1eXN&quot;,&quot;C0RM0&quot;,&quot;YswZ9&quot;,&quot;OUmlD&quot;,&quot;rUH02&quot;,&quot;J3oMT&quot;,&quot;rUXZC&quot;,&quot;c6oS1&quot;],&quot;module&quot;:1},&quot;EmoticonUtils&quot;:{&quot;resources&quot;:[&quot;h1eXN&quot;,&quot;iUf8u&quot;,&quot;l7xjy&quot;],&quot;module&quot;:1},&quot;EmoticonsList&quot;:{&quot;resources&quot;:[&quot;h1eXN&quot;,&quot;iUf8u&quot;],&quot;module&quot;:1},&quot;SelectionPosition&quot;:{&quot;resources&quot;:[&quot;z4Q+C&quot;,&quot;rnx9z&quot;,&quot;zfCPQ&quot;,&quot;l7xjy&quot;],&quot;module&quot;:1},&quot;OptimisticVideoComment.react&quot;:{&quot;resources&quot;:[&quot;rnx9z&quot;,&quot;iUf8u&quot;,&quot;UBFtS&quot;,&quot;KbsEc&quot;,&quot;z4Q+C&quot;,&quot;h1eXN&quot;,&quot;zfCPQ&quot;,&quot;Rq90d&quot;,&quot;NGl7Q&quot;,&quot;aAFGu&quot;,&quot;VdNG1&quot;,&quot;VVjXA&quot;,&quot;c6oS1&quot;,&quot;WzuFo&quot;,&quot;KZ41\/&quot;,&quot;N19N\/&quot;,&quot;HVS+j&quot;],&quot;module&quot;:1},&quot;Sticker.react&quot;:{&quot;resources&quot;:[&quot;rnx9z&quot;,&quot;iUf8u&quot;,&quot;KbsEc&quot;,&quot;z4Q+C&quot;,&quot;rUXZC&quot;,&quot;EJprH&quot;,&quot;MoJTr&quot;],&quot;module&quot;:1},&quot;UFIAttachedMediaPreview.react&quot;:{&quot;resources&quot;:[&quot;KbsEc&quot;,&quot;rnx9z&quot;,&quot;z4Q+C&quot;,&quot;iUf8u&quot;,&quot;h1eXN&quot;,&quot;UBFtS&quot;,&quot;zfCPQ&quot;,&quot;N19N\/&quot;,&quot;15vxi&quot;],&quot;module&quot;:1},&quot;UFICommentMarkdownPreview.react&quot;:{&quot;resources&quot;:[&quot;KbsEc&quot;,&quot;rnx9z&quot;,&quot;z4Q+C&quot;,&quot;zfCPQ&quot;,&quot;iUf8u&quot;,&quot;h1eXN&quot;,&quot;OUmlD&quot;,&quot;1Gued&quot;,&quot;PfISf&quot;,&quot;pI7AA&quot;,&quot;0Qz\/x&quot;,&quot;Hnz7V&quot;],&quot;module&quot;:1},&quot;XUIAmbientNUX.react&quot;:{&quot;resources&quot;:[&quot;KbsEc&quot;,&quot;rnx9z&quot;,&quot;z4Q+C&quot;,&quot;asyQb&quot;,&quot;h1
[...]
"],"module":1},"Dialog":{"resources":["rnx9z","z4Q+C","zfCPQ","h1eXN","WzuFo","gHZav"],"module":1},"QuickSandSolver":{"resources":["rnx9z","z4Q+C","ccpBO","Pszbx"],"module":1},"ErrorSignal":{"resources":["rnx9z","z4Q+C","ROaSr"],"module":1},"ReactDOM":{"resources":["KbsEc","rnx9z","z4Q+C"],"module":1},"TimeSliceHelper":{"resources":["rnx9z","KbsEc","z4Q+C","BnIxf"],"module":1},"Animation":{"resources":["rnx9z","z4Q+C","zfCPQ"],"module":1},"AsyncDialog":{"resources":["rnx9z","z4Q+C","zfCPQ","iUf8u","h1eXN","KbsEc"],"module":1},"AsyncRequest":{"resources":["rnx9z","z4Q+C"],"module":1},"FormSubmit":{"resources":["rnx9z","z4Q+C","W7JZ8"],"module":1},"DialogX":{"resources":["rnx9z","zfCPQ","z4Q+C","iUf8u","h1eXN"],"module":1},"XUIDialogBody.react":{"resources":["KbsEc","rnx9z","z4Q+C","iUf8u","h1eXN","OUmlD"],"module":1},"XUIDialogButton.react":{"resources":["KbsEc","rnx9z","z4Q+C","iUf8u","zfCPQ"],"module":1},"XUIDialogFooter.react":{"resources":["KbsEc","rnx9z","z4Q+C","iUf8u","h1eXN","zfCPQ","OUmlD"],"module":1},"XUIDialogTitle.react":{"resources":["KbsEc","rnx9z","z4Q+C","iUf8u","h1eXN","zfCPQ"],"module":1},"XUIGrayText.react":{"resources":["KbsEc","rnx9z","z4Q+C","iUf8u"],"module":1},"PageTransitions":{"resources":["z4Q+C","rnx9z","iUf8u","zfCPQ","Rpr16","h1eXN","KbsEc"],"module":1},"Hovercard":{"resources":["z4Q+C","rnx9z","asyQb","h1eXN","zfCPQ","U1FNf","OUmlD","pxUXG"],"module":1},"EncryptedImg":{"resources":["rnx9z","iUf8u","UBFtS"],"module":1},"AsyncResponse":{"resources":["rnx9z"],"module":1},"Live":{"resources":["z4Q+C","rnx9z","d25Q1","iUf8u"],"module":1},"PhotoInlineEditor":{"resources":["z4Q+C","rnx9z","Nqvia","W7JZ8","h1eXN","SrenX","iUf8u","nI511","oj8WF","7unvu"],"module":1},"PhotoTagApproval":{"resources":["z4Q+C","rnx9z","Nqvia","vuqxt"],"module":1},"CompactTypeaheadRenderer":{"resources":["z4Q+C","rnx9z","h1eXN","iUf8u","+7uI\/","nI511","oa483"],"module":1},"ContextualTypeaheadView":{"resources":["z4Q+C","rnx9z","h1eXN","iUf8u","nI511","TVeTC","SrenX","zfCPQ"],"module":1},"InputSelection":{"resources":["z4Q+C","rnx9z","zfCPQ"],"module":1},"HashtagParser":{"resources":["TVeTC","cyI2B","uck9V"],"module":1},"MentionsInput":{"resources":["rnx9z","z4Q+C","Pszbx","zfCPQ","Z7w5z","iUf8u","PpwzV"],"module":1},"TextAreaControl":{"resources":["rnx9z","W7JZ8","z4Q+C"],"module":1},"Typeahead":{"resources":["rnx9z","z4Q+C","nI511","TVeTC"],"module":1},"TypeaheadAreaCore":{"resources":["z4Q+C","rnx9z","zfCPQ","W7JZ8","h1eXN","SrenX","Z7w5z"],"module":1},"TypeaheadBestName":{"resources":["iUf8u","Z7w5z"],"module":1},"TypeaheadHoistFriends":{"resources":["Z7w5z"],"module":1},"TypeaheadMetrics":{"resources":["rnx9z","z4Q+C","GkBDu","Z7w5z"],"module":1},"TypeaheadMetricsX":{"resources":["rnx9z","z4Q+C","GkBDu","qfzTq"],"module":1},"TypingDetector":{"resources":["rnx9z","YswZ9","KFfuI"],"module":1},"UFIComments":{"resources":["iUf8u","+7uI\/","z4Q+C","rnx9z","KZ41\/","VAm4o"],"module":1},"UFIAddCommentLiveTypingPublisher":{"resources":["iUf8u","rnx9z","VAm4o","typPq","z4Q+C"],"module":1},"UFIUploader":{"resources":["rnx9z","z4Q+C","iUf8u","hhxzt","h1eXN","zs32t","gHZav","mx0gl","31rsh","E\/lai","Axext","GKJFd","zfCPQ","WzuFo","aAFGu","Cfe2h","wE\/xn"],"module":1},"ScrollableArea":{"resources":["rnx9z","z4Q+C","iUf8u","h1eXN"],"module":1},"XUIErrorDialogImpl":{"resources":["z4Q+C","rnx9z","asyQb","h1eXN","zfCPQ","2pvUV"],"module":1},"ChatContentSearchFlyout.react":{"resources":["rnx9z","z4Q+C","gMZ8j","faAFT","xPJz9","iUf8u","KbsEc","q4UA4","8c2RR","nRbdM","znBGP","KZ41\/","h1eXN","+7uI\/","T3t7s","MvwB8","trVCh","j2zyN","KFfuI","zfCPQ","MYFW3","c6oS1","j+iuk"],"module":1},"ContextualLayerAutoFlip":{"resources":["rnx9z","zfCPQ"],"module":1},"XUIContextualDialog.react":{"resources":["h1eXN","rnx9z","asyQb","KbsEc","z4Q+C","zfCPQ","iUf8u"],"module":1},"RelayRootContainer":{"resources":["KbsEc","rnx9z","z4Q+C","xp5dx","iUf8u","TVeTC","zfCPQ","31rsh"],"module":1},"StickersStore.react":{"resources":["rnx9z","iUf8u","KbsEc","z4Q+C","xp5dx","31rsh","zfCPQ","TVeTC","h1eXN","+7uI\/","rUH02","c6yOo","KFfuI","C0RM0","EJprH","WzuFo","KZ41\/","622TF","wnUmy","zxk62"],"module":1},"StickersStorePackDetailRoute":{"resources":["xp5dx","KbsEc","rnx9z","z4Q+C","c6yOo"],"module":1},"StickersStorePackListRoute":{"resources":["xp5dx","KbsEc","rnx9z","z4Q+C","c6yOo"],"module":1},"StickersFlyout.react":{"resources":["rnx9z","KbsEc","z4Q+C","iUf8u","EJprH","+7uI\/","oa483","KZ41\/","xp5dx","TVeTC","zfCPQ","31rsh","MoJTr","KFfuI","h1eXN","C0RM0","YswZ9","OUmlD","rUH02","J3oMT","rUXZC","c6oS1"],"module":1},"EmoticonUtils":{"resources":["h1eXN","iUf8u","l7xjy"],"module":1},"EmoticonsList":{"resources":["h1eXN","iUf8u"],"module":1},"SelectionPosition":{"resources":["z4Q+C","rnx9z","zfCPQ","l7xjy"],"module":1},"OptimisticVideoComment.react":{"resources":["rnx9z","iUf8u","UBFtS","KbsEc","z4Q+C","h1eXN","zfCPQ","Rq90d","NGl7Q","aAFGu","VdNG1","VVjXA","c6oS1","WzuFo","KZ41\/","N19N\/","HVS+j"],"module":1},"Sticker.react":{"resources":["rnx9z","iUf8u","KbsEc","z4Q+C","rUXZC","EJprH","MoJTr"],"module":1},"UFIAttachedMediaPreview.react":{"resources":["KbsEc","rnx9z","z4Q+C","iUf8u","h1eXN","UBFtS","zfCPQ","N19N\/","15vxi"],"module":1},"UFICommentMarkdownPreview.react":{"resources":["KbsEc","rnx9z","z4Q+C","zfCPQ","iUf8u","h1eXN","OUmlD","1Gued","PfISf","pI7AA","0Qz\/x","Hnz7V"],"module":1},"XUIAmbientNUX.react":{"resources":["KbsEc","rnx9z","z4Q+C","asyQb","h1eXN","zfCPQ","iUf8u"],"module":1},"UFIReactionsMenuImpl.react":{"resources":["rnx9z","iUf8u","KbsEc","z4Q+C","WzuFo","+7uI\/","XEiWC","8Q0JP","zfCPQ","V4APi","VAm4o"],"module":1},"UFIReactionsMenuWithAnimatedVectorIcons.react":{"resources":["KbsEc","rnx9z","z4Q+C","mx0gl","zfCPQ","iUf8u","WzuFo","+7uI\/","XEiWC","8Q0JP","V4APi","VAm4o","LY13N"],"module":1},"UFIReactionsMenuWithStaticVectorIcons.react":{"resources":["KbsEc","rnx9z","z4Q+C","mx0gl","zfCPQ","iUf8u","WzuFo","+7uI\/","XEiWC","8Q0JP","V4APi","VAm4o"],"module":1},"UFIReactionsNUX.react":{"resources":["rnx9z","z4Q+C","zfCPQ","KbsEc","VAm4o","asyQb","h1eXN","iUf8u","+g5ut"],"module":1},"DOMScroll":{"resources":["z4Q+C","rnx9z","iUf8u"],"module":1},"LegacyContextualDialog":{"resources":["z4Q+C","rnx9z","zfCPQ","Aiva1","iUf8u","asyQb","h1eXN","vz9x8","8aeA9"],"module":1},"UFICommentMarkdownFormattedLink.react":{"resources":["KbsEc","rnx9z","z4Q+C","iUf8u","VAm4o","KZ41\/","h1eXN","zfCPQ","OUmlD","31rsh","1Gued","IpY64","mZu06"],"module":1},"UFICreatorInfo.react":{"resources":["KbsEc","rnx9z","z4Q+C","iUf8u","KZ41\/","BDQ0T","P9\/0T","l7xjy"],"module":1},"UFIReactionsTooltipImpl.react":{"resources":["iUf8u","rnx9z","z4Q+C","KbsEc","zfCPQ","h1eXN","OUmlD","VAm4o","8xp\/K","tRXKX"],"module":1},"MultiPlacePageInfoCard.react":{"resources":["rnx9z","z4Q+C","KbsEc","UBFtS","iUf8u","s4Kjt","Gtby1","h1eXN","zfCPQ","KZ41\/","c6oS1","Rq90d","GkBDu","olGeN","jm6DP","LTOMU","fYK4u","QmbRE","XCq3j","krylL","VlKZQ","HyFoJ","WK+2z","0rdkb","WMugu","0NFR9","9Id2k","QJqTT","073RM","s5nED","uhPt8","tzUps","yZc\/q","Yr4tN","WzuFo","+AepS","HFiBb","88HWy","aD6RA","vJKWr","BHpnP","rbh++","BWUgz","EL844","Bq1Oh","jUWOI"],"module":1},"PlaceListLiveCommentAttachment.react":{"resources":["9Id2k","2azk8","rnx9z","z4Q+C","KbsEc","UBFtS","iUf8u","s4Kjt","Gtby1","h1eXN","zfCPQ","KZ41\/","c6oS1","Rq90d","GkBDu","olGeN","jm6DP","LTOMU","fYK4u","QmbRE","XCq3j","krylL","VlKZQ","HyFoJ","WK+2z","0rdkb","WMugu","0NFR9","QJqTT","073RM","s5nED","uhPt8","tzUps","yZc\/q","Yr4tN","WzuFo","+AepS","HFiBb","88HWy","aD6RA","vJKWr","BHpnP","rbh++","BWUgz","EL844","Bq1Oh","jUWOI","8ZOng"],"module":1},"UFILiveCommentLinkPreview.react":{"resources":["KbsEc","rnx9z","z4Q+C","iUf8u","wnUmy","h1eXN","ue4u5","kn9pk"],"module":1},"ContextualDialogArrow":{"resources":["z4Q+C","rnx9z","h1eXN","asyQb"],"module":1},"PopoverMenu.react":{"resources":["KbsEc","rnx9z","z4Q+C","iUf8u","zfCPQ","h1eXN","OUmlD"],"module":1},"ReactXUIMenu":{"resources":["rnx9z","z4Q+C","iUf8u","h1eXN","zfCPQ","KbsEc","OUmlD"],"module":1},"UFICommentRemovalControls.react":{"resources":["KbsEc","rnx9z","z4Q+C","iUf8u","KZ41\/","ue4u5","GavI7"],"module":1},"UFIScrollHighlight":{"resources":["z4Q+C","rnx9z","iUf8u","zfCPQ","GkBDu","v3+43","rSdpp"],"module":1},"PhotoTagger":{"resources":["rnx9z","z4Q+C","vuqxt","asyQb","h1eXN","zfCPQ","U1FNf","OUmlD","pxUXG","KbsEc","ue4u5","cgke2","Nqvia","iUf8u","VAm4o","+7uI\/","KZ41\/","WzuFo","sC1yA"],"module":1},"PhotoTags":{"resources":["z4Q+C","rnx9z","Nqvia","vuqxt"],"module":1},"PhotosButtonTooltips":{"resources":["rnx9z","z4Q+C","zfCPQ","h1eXN","OUmlD","1Cg9i"],"module":1},"SpotlightShareViewer":{"resources":["z4Q+C","rnx9z","iUf8u","3+OZb","zfCPQ","zyFOp"],"module":1},"TagTokenizer":{"resources":["z4Q+C","rnx9z","iUf8u","h1eXN","nI511","oj8WF","vuqxt","SrenX","W7JZ8"],"module":1},"VideoRotate":{"resources":["rnx9z","z4Q+C","zfCPQ","h1eXN","WzuFo","gHZav","6AU0l"],"module":1},"css:fb-photos-snowlift-fullscreen-css":{"resources":["VDymv"]},"PhotoSnowlift":{"resources":["rnx9z","z4Q+C","zfCPQ","h1eXN","WzuFo","gHZav","iUf8u","UBFtS","3+OZb","LTOMU","+7uI\/","Nqvia","KbsEc","KZ41\/","Rpr16","\/TZRz","OUmlD"],"module":1},"Toggler":{"resources":["rnx9z","z4Q+C","h1eXN","zfCPQ"],"module":1},"Tooltip":{"resources":["rnx9z","z4Q+C","zfCPQ","h1eXN","OUmlD"],"module":1},"DOM":{"resources":["z4Q+C","rnx9z"],"module":1},"Form":{"resources":["z4Q+C","rnx9z"],"module":1},"Input":{"resources":["rnx9z"],"module":1},"trackReferrer":{"resources":[],"module":1}});}});
requireLazy(["ix"], function(ix) {ix.add({"\/images\/loaders\/indicator_blue_small.gif":{"sprited":false,"uri":"https:\/\/fbstatic-a.akamaihd.net\/rsrc.php\/v3\/yb\/r\/GsNJNwuI-UM.gif","width":16,"height":11},"\/images\/mercury\/clients\/messenger\/core\/LoadingSpinner.png":{"sprited":true,"spriteMapCssClass":"sp_GF8YZT9cnPF","spriteCssClass":"sx_9ae076"},"\/images\/mercury\/clients\/messenger\/core\/LoadingSpinnerExtraLarge.png":{"sprited":true,"spriteMapCssClass":"sp_GF8YZT9cnPF","spriteCssClass":"sx_d63e7d"},"\/images\/mercury\/clients\/messenger\/core\/LoadingSpinnerGrey.png":{"sprited":true,"spriteMapCssClass":"sp_GF8YZT9cnPF","spriteCssClass":"sx_8f8c59"},"\/images\/chat\/composer\/composerSearchTrending.png":{"sprited":false,"uri":"https:\/\/fbstatic-a.akamaihd.net\/rsrc.php\/v3\/yL\/r\/MVLY03UaITD.png","width":16,"height":16},"\/images\/messaging\/stickers\/store\/basket.png":{"sprited":true,"spriteMapCssClass":"sp_avtVGZ81hWA","spriteCssClass":"sx_ff93dd"},"\/images\/messaging\/stickers\/store\/characters.png":{"sprited":true,"spriteMapCssClass":"sp_avtVGZ81hWA","spriteCssClass":"sx_5c8a4d"},"\/images\/messaging\/stickers\/store\/backarrow.png":{"sprited":true,"spriteMapCssClass":"sp_avtVGZ81hWA","spriteCssClass":"sx_0933da"},"\/images\/messaging\/stickers\/icons\/emoji.png":{"sprited":true,"spriteMapCssClass":"sp_2pa_aRfO_oh","spriteCssClass":"sx_79822c"},"\/images\/messaging\/stickers\/icons\/recent.png":{"sprited":true,"spriteMapCssClass":"sp_2pa_aRfO_oh","spriteCssClass":"sx_a331da"},"\/images\/messaging\/stickers\/icons\/search.png":{"sprited":true,"spriteMapCssClass":"sp_2pa_aRfO_oh","spriteCssClass":"sx_a08a82"},"\/images\/messaging\/stickers\/selector\/left.png":{"sprited":true,"spriteMapCssClass":"sp_2pa_aRfO_oh","spriteCssClass":"sx_cc0ff3"},"\/images\/messaging\/stickers\/selector\/right.png":{"sprited":true,"spriteMapCssClass":"sp_2pa_aRfO_oh","spriteCssClass":"sx_ae0755"},"\/images\/messaging\/stickers\/selector\/sticker_store.png":{"sprited":true,"spriteMapCssClass":"sp_2pa_aRfO_oh","spriteCssClass":"sx_370118"},"\/images\/messaging\/stickers\/icons\/sad_face.png":{"sprited":true,"spriteMapCssClass":"sp_2pa_aRfO_oh","spriteCssClass":"sx_0888dc"},"\/images\/loaders\/indicator_black.gif":{"sprited":false,"uri":"https:\/\/fbstatic-a.akamaihd.net\/rsrc.php\/v3\/y7\/r\/pgEFhPxsWZX.gif","width":32,"height":32},"\/images\/loaders\/indicator_blue_large.gif":{"sprited":false,"uri":"https:\/\/fbstatic-a.akamaihd.net\/rsrc.php\/v3\/y9\/r\/jKEcVPZFk-2.gif","width":32,"height":32},"\/images\/loaders\/indicator_blue_medium.gif":{"sprited":false,"uri":"https:\/\/fbstatic-a.akamaihd.net\/rsrc.php\/v3\/yk\/r\/LOOn0JtHNzb.gif","width":16,"height":16},"\/images\/loaders\/indicator_white_large.gif":{"sprited":false,"uri":"https:\/\/fbstatic-a.akamaihd.net\/rsrc.php\/v3\/yG\/r\/b53Ajb4ihCP.gif","width":32,"height":32},"\/images\/loaders\/indicator_white_small.gif":{"sprited":false,"uri":"https:\/\/fbstatic-a.akamaihd.net\/rsrc.php\/v3\/y-\/r\/AGUNXgX_Wx3.gif","width":16,"height":11},"\/images\/assets_DO_NOT_HARDCODE\/fb_glyphs\/chevron-down_16_fig-light-20.png":{"sprited":true,"spriteMapCssClass":"sp_kE7Mqv2fzY2","spriteCssClass":"sx_eb87ab"},"\/images\/assets_DO_NOT_HARDCODE\/fb_glyphs\/pushpin_12_fig-blue.png":{"sprited":true,"spriteMapCssClass":"sp_kE7Mqv2fzY2","spriteCssClass":"sx_ddfbb0"},"arrow-right:white:small":{"sprited":true,"spriteMapCssClass":"sp_vcJvjQTMbfM","spriteCssClass":"sx_48a15d"}});});</script>
<script>requireLazy(["InitialJSLoader"], function(InitialJSLoader) {InitialJSLoader.loadOnDOMContentReady(["rnx9z","Pszbx","ccpBO"]);});</script>
<script>require("TimeSlice").guard(function() {require("ServerJSDefine").handleDefines([]);require("InitialJSLoader").handleServerJS({"elements":[["__elem_835c633a_0_0","login_form",1],["__elem_1edd4980_0_0","loginbutton",1],["__elem_f46f4946_0_0","u_0_1",1],["__elem_f46f4946_0_1","u_0_2",1],["__elem_85b7cbf7_0_0","login_form",1],["__elem_a6f65671_0_0","pagelet_bluebar",1],["__elem_a588f507_0_0","globalContainer",2]],"require":[["WebPixelRatio","startDetecting",[],[1],[]],["ScriptPath","set",[],["\/4oh4.php","8faec450",{"imp_id":"4c721379","entity_id":"1122540016"}],[]],["UITinyViewportAction","init",[],[],[]],["ResetScrollOnUnload","init",["__elem_a588f507_0_0"],[{"__m":"__elem_a588f507_0_0"}],[]],["AccessibilityWebVirtualCursorClickLogger","init",["__elem_a6f65671_0_0","__elem_a588f507_0_0"],[[{"__m":"__elem_a6f65671_0_0"},{"__m":"__elem_a588f507_0_0"}]],[]],["WebStorageMonster","schedule",[],[],[]],["AsyncRequestNectarLogging"],["IntlUtils"],["TimezoneAutoset","setInputValue",["__elem_f46f4946_0_0"],[{"__m":"__elem_f46f4946_0_0"},1475398457],[]],["ScreenDimensionsAutoSet","setInputValue",["__elem_f46f4946_0_1"],[{"__m":"__elem_f46f4946_0_1"}],[]],["LoginFormController","init",["__elem_835c633a_0_0","__elem_1edd4980_0_0"],[{"__m":"__elem_835c633a_0_0"},{"__m":"__elem_1edd4980_0_0"},null,true],[]],["QuickSandSolver","solveAndUpdateForm",[],[1,"BjX49xdC46EJCBgFDXHfd80BjXqd9KLoBJS8bv23g0M=",10,42,100,"login_form","AZkp0IKW0H6ThRBwTFguiOgmx7awT9eLxVLjBDPRQvmyjzFofS-Y4kM8QLYShoSezng-Py3XpONIoXZpOSUwIukJq4YcKWU6iRzXTnn_Z1a-eiTdlYy8tFCt7OWsWi7kuaVk6ZTpyk2MGSjc-KB5X4Q_aLErbAMYMd2RBfBTJPddTz95BcJlxYHCzdKFYk7X_9-MDMCWDJrDyZoLLIHtOwuwAZ0kkmhj97v6XkXq9a3r3g"],[]],["FocusListener"],["FlipDirectionOnKeypress"]]},"o");}, "ServerJS define", {"root":true})();

onloadRegister_DEPRECATED(function (){try { $("email").focus(); } catch (_ignore) { }});</script>
<!-- BigPipe construction and first response -->
<script>var bigPipe = new (require("BigPipe"))({"forceFinish":true,"__sf":"o"});</script>
<script>bigPipe.beforePageletArrive("first_response")</script>
<script>require("TimeSlice").guard((function(){bigPipe.onPageletArrive({id:"first_response",phase:0,jsmods:{},is_last:true,resource_map:{"P/mr5":{type:"css",src:"https://fbstatic-a.akamaihd.net/rsrc.php/v3/y-/r/Gqca1raWXAL.css",crossOrigin:1}},allResources:["rnx9z","Pszbx","z4Q+C","WzuFo","ccpBO","P/mr5"],displayResources:["z4Q+C","WzuFo","P/mr5"]});}),"onPageletArrive first_response",{"root":true,"pagelet":"first_response"})();</script>
<script>bigPipe.setPageID("6336788122040430157");</script><script>bigPipe.beforePageletArrive("last_response")</script>
<script>require("TimeSlice").guard((function(){bigPipe.onPageletArrive({id:"last_response",phase:1,jsmods:{require:[["Cookie","setIfFirstPartyContext",[],["_js_datr","OcvwV1qZA-tQ719rJ4G5ZkOg",63072000000,"/",false],[]],["Cookie","setIfFirstPartyContext",[],["_js_reg_fb_ref","https://www.facebook.com/session",0,"/",false],[]],["Cookie","setIfFirstPartyContext",[],["_js_reg_fb_gate","https://www.facebook.com/session",0,"/",false],[]],["NavigationMetrics","setPage",[],[{page:"/4oh4.php",page_type:"normal",page_uri:"https://www.facebook.com/session",serverLID:"6336788122040430157"}],[]],["DimensionTracking"],["HighContrastMode","init",[],[{isHCM:false,spacerImage:"https://fbstatic-a.akamaihd.net/rsrc.php/v3/y4/r/-PAXP-deijE.gif"}],[]],["TimeSlice","setLogging",[],[false,0.01],[]],["NavigationClickPointHandler"],["KappaWrapper","start",[],[6,5,10],[]],["ClickRefLogger"],["DetectBrokenProxyCache","run",[],[0,"c_user"],[]],["UserActionHistory"],["ScriptPathLogger","startLogging",[],[],[]],["TimeSpentBitArrayLogger","init",[],[],[]]],define:[["TimeSpentConfig",[],{"0_delay":0,"0_timeout":8,delay:200000,timeout:64},142],["ImmediateActiveSecondsConfig",[],{sampling_rate:0},423]]},is_last:true,allResources:["rnx9z","Pszbx","z4Q+C","WzuFo","ccpBO","P/mr5"],displayResources:["z4Q+C","WzuFo","P/mr5"],the_end:true});}),"onPageletArrive last_response",{"root":true,"pagelet":"last_response"})();</script></body></html>
Command duration or timeout: 4.08 seconds
Build info: version: 'unknown', revision: '31c43c8', time: '2016-08-02 21:57:56 -0700'
System info: host: 'Aravinda', ip: '169.254.144.1', os.name: 'Windows 8.1', os.arch: 'amd64', os.version: '6.3', java.version: '1.8.0_45'
Driver info: org.openqa.selenium.remote.RemoteWebDriver
	at sun.reflect.NativeConstructorAccessorImpl.newInstance0(Native Method)
	at sun.reflect.NativeConstructorAccessorImpl.newInstance(NativeConstructorAccessorImpl.java:62)
	at sun.reflect.DelegatingConstructorAccessorImpl.newInstance(DelegatingConstructorAccessorImpl.java:45)
	at java.lang.reflect.Constructor.newInstance(Constructor.java:422)
	at org.openqa.selenium.remote.ErrorHandler.createThrowable(ErrorHandler.java:206)
	at org.openqa.selenium.remote.ErrorHandler.throwIfResponseFailed(ErrorHandler.java:158)
	at org.openqa.selenium.remote.RemoteWebDriver.execute(RemoteWebDriver.java:683)
	at org.openqa.selenium.remote.RemoteWebDriver.startSession(RemoteWebDriver.java:247)
	at org.openqa.selenium.remote.RemoteWebDriver.<init>(RemoteWebDriver.java:130)
	at org.openqa.selenium.remote.RemoteWebDriver.<init>(RemoteWebDriver.java:157)
	at com.aravinda.app.TestBase.openBrowser(TestBase.java:43)
	at sun.reflect.NativeMethodAccessorImpl.invoke0(Native Method)
	at sun.reflect.NativeMethodAccessorImpl.invoke(NativeMethodAccessorImpl.java:62)
	at sun.reflect.DelegatingMethodAccessorImpl.invoke(DelegatingMethodAccessorImpl.java:43)
	at java.lang.reflect.Method.invoke(Method.java:497)
	at org.testng.internal.MethodInvocationHelper.invokeMethod(MethodInvocationHelper.java:85)
	at org.testng.internal.Invoker.invokeConfigurationMethod(Invoker.java:510)
	at org.testng.internal.Invoker.invokeConfigurations(Invoker.java:211)
	at org.testng.internal.Invoker.invokeMethod(Invoker.java:585)
	at org.testng.internal.Invoker.invokeTestMethod(Invoker.java:816)
	at org.testng.internal.Invoker.invokeTestMethods(Invoker.java:1124)
	at org.testng.internal.TestMethodWorker.invokeTestMethods(TestMethodWorker.java:125)
	at org.testng.internal.TestMethodWorker.run(TestMethodWorker.java:108)
	at org.testng.TestRunner.privateRun(TestRunner.java:774)
	at org.testng.TestRunner.run(TestRunner.java:624)
	at org.testng.SuiteRunner.runTest(SuiteRunner.java:359)
	at org.testng.SuiteRunner.access$000(SuiteRunner.java:39)
	at org.testng.SuiteRunner$SuiteWorker.run(SuiteRunner.java:393)
	at org.testng.internal.thread.ThreadUtil$2.call(ThreadUtil.java:64)
	at java.util.concurrent.FutureTask.run(FutureTask.java:266)
	at java.util.concurrent.ThreadPoolExecutor.runWorker(ThreadPoolExecutor.java:1142)
	at java.util.concurrent.ThreadPoolExecutor$Worker.run(ThreadPoolExecutor.java:617)
	at java.lang.Thread.run(Thread.java:745)
]]>
    </error>
  </testcase> <!-- loginTest -->
</testsuite> <!-- com.aravinda.app.testSuite0101$Test01 -->
